{"/var/home/flyinpancake/projects/personal/nag/frontend/src/components/chore-card.tsx": {"path":"/var/home/flyinpancake/projects/personal/nag/frontend/src/components/chore-card.tsx","statementMap":{"0":{"start":{"line":17,"column":35},"end":{"line":17,"column":null}},"1":{"start":{"line":18,"column":21},"end":{"line":18,"column":null}},"2":{"start":{"line":19,"column":24},"end":{"line":19,"column":null}},"3":{"start":{"line":22,"column":17},"end":{"line":22,"column":null}},"4":{"start":{"line":25,"column":21},"end":{"line":39,"column":null}},"5":{"start":{"line":26,"column":4},"end":{"line":28,"column":null}},"6":{"start":{"line":27,"column":6},"end":{"line":27,"column":null}},"7":{"start":{"line":29,"column":4},"end":{"line":31,"column":null}},"8":{"start":{"line":30,"column":6},"end":{"line":30,"column":null}},"9":{"start":{"line":32,"column":4},"end":{"line":34,"column":null}},"10":{"start":{"line":33,"column":6},"end":{"line":33,"column":null}},"11":{"start":{"line":35,"column":4},"end":{"line":37,"column":null}},"12":{"start":{"line":36,"column":6},"end":{"line":36,"column":null}},"13":{"start":{"line":38,"column":4},"end":{"line":38,"column":null}},"14":{"start":{"line":41,"column":2},"end":{"line":111,"column":null}},"15":{"start":{"line":105,"column":28},"end":{"line":105,"column":null}},"16":{"start":{"line":107,"column":38},"end":{"line":107,"column":60}},"17":{"start":{"line":117,"column":2},"end":{"line":131,"column":null}}},"fnMap":{"0":{"name":"ChoreCard","decl":{"start":{"line":16,"column":16},"end":{"line":16,"column":26}},"loc":{"start":{"line":16,"column":74},"end":{"line":113,"column":null}},"line":16},"1":{"name":"(anonymous_1)","decl":{"start":{"line":25,"column":21},"end":{"line":25,"column":27}},"loc":{"start":{"line":25,"column":27},"end":{"line":39,"column":null}},"line":25},"2":{"name":"(anonymous_2)","decl":{"start":{"line":105,"column":21},"end":{"line":105,"column":22}},"loc":{"start":{"line":105,"column":28},"end":{"line":105,"column":null}},"line":105},"3":{"name":"(anonymous_3)","decl":{"start":{"line":107,"column":32},"end":{"line":107,"column":38}},"loc":{"start":{"line":107,"column":38},"end":{"line":107,"column":60}},"line":107},"4":{"name":"ChoreCardSkeleton","decl":{"start":{"line":116,"column":16},"end":{"line":116,"column":36}},"loc":{"start":{"line":116,"column":36},"end":{"line":133,"column":null}},"line":116}},"branchMap":{"0":{"loc":{"start":{"line":18,"column":21},"end":{"line":18,"column":null}},"type":"binary-expr","locations":[{"start":{"line":18,"column":21},"end":{"line":18,"column":33}},{"start":{"line":18,"column":21},"end":{"line":18,"column":null}}],"line":18},"1":{"loc":{"start":{"line":19,"column":24},"end":{"line":19,"column":null}},"type":"binary-expr","locations":[{"start":{"line":19,"column":24},"end":{"line":19,"column":36}},{"start":{"line":19,"column":24},"end":{"line":19,"column":null}}],"line":19},"2":{"loc":{"start":{"line":22,"column":17},"end":{"line":22,"column":null}},"type":"cond-expr","locations":[{"start":{"line":22,"column":30},"end":{"line":22,"column":42}},{"start":{"line":22,"column":42},"end":{"line":22,"column":null}}],"line":22},"3":{"loc":{"start":{"line":22,"column":42},"end":{"line":22,"column":null}},"type":"cond-expr","locations":[{"start":{"line":22,"column":55},"end":{"line":22,"column":68}},{"start":{"line":22,"column":68},"end":{"line":22,"column":null}}],"line":22},"4":{"loc":{"start":{"line":26,"column":4},"end":{"line":28,"column":null}},"type":"if","locations":[{"start":{"line":26,"column":4},"end":{"line":28,"column":null}},{"start":{},"end":{}}],"line":26},"5":{"loc":{"start":{"line":26,"column":8},"end":{"line":26,"column":32}},"type":"binary-expr","locations":[{"start":{"line":26,"column":8},"end":{"line":26,"column":22}},{"start":{"line":26,"column":22},"end":{"line":26,"column":32}}],"line":26},"6":{"loc":{"start":{"line":29,"column":4},"end":{"line":31,"column":null}},"type":"if","locations":[{"start":{"line":29,"column":4},"end":{"line":31,"column":null}},{"start":{},"end":{}}],"line":29},"7":{"loc":{"start":{"line":32,"column":4},"end":{"line":34,"column":null}},"type":"if","locations":[{"start":{"line":32,"column":4},"end":{"line":34,"column":null}},{"start":{},"end":{}}],"line":32},"8":{"loc":{"start":{"line":35,"column":4},"end":{"line":37,"column":null}},"type":"if","locations":[{"start":{"line":35,"column":4},"end":{"line":37,"column":null}},{"start":{},"end":{}}],"line":35},"9":{"loc":{"start":{"line":46,"column":8},"end":{"line":46,"column":null}},"type":"binary-expr","locations":[{"start":{"line":46,"column":8},"end":{"line":46,"column":32}},{"start":{"line":46,"column":32},"end":{"line":46,"column":null}}],"line":46},"10":{"loc":{"start":{"line":47,"column":8},"end":{"line":47,"column":null}},"type":"binary-expr","locations":[{"start":{"line":47,"column":8},"end":{"line":47,"column":33}},{"start":{"line":47,"column":33},"end":{"line":47,"column":null}}],"line":47},"11":{"loc":{"start":{"line":48,"column":8},"end":{"line":48,"column":null}},"type":"binary-expr","locations":[{"start":{"line":48,"column":8},"end":{"line":48,"column":33}},{"start":{"line":48,"column":33},"end":{"line":48,"column":null}}],"line":48},"12":{"loc":{"start":{"line":62,"column":18},"end":{"line":66,"column":null}},"type":"cond-expr","locations":[{"start":{"line":63,"column":22},"end":{"line":63,"column":null}},{"start":{"line":64,"column":22},"end":{"line":66,"column":null}}],"line":62},"13":{"loc":{"start":{"line":64,"column":22},"end":{"line":66,"column":null}},"type":"cond-expr","locations":[{"start":{"line":65,"column":22},"end":{"line":65,"column":null}},{"start":{"line":66,"column":22},"end":{"line":66,"column":null}}],"line":64},"14":{"loc":{"start":{"line":70,"column":17},"end":{"line":71,"column":null}},"type":"binary-expr","locations":[{"start":{"line":70,"column":17},"end":{"line":70,"column":null}},{"start":{"line":71,"column":18},"end":{"line":71,"column":null}}],"line":70},"15":{"loc":{"start":{"line":73,"column":17},"end":{"line":73,"column":null}},"type":"binary-expr","locations":[{"start":{"line":73,"column":17},"end":{"line":73,"column":42}},{"start":{"line":73,"column":42},"end":{"line":73,"column":null}}],"line":73},"16":{"loc":{"start":{"line":79,"column":15},"end":{"line":82,"column":null}},"type":"cond-expr","locations":[{"start":{"line":80,"column":16},"end":{"line":80,"column":null}},{"start":{"line":82,"column":16},"end":{"line":82,"column":null}}],"line":79},"17":{"loc":{"start":{"line":85,"column":17},"end":{"line":91,"column":null}},"type":"cond-expr","locations":[{"start":{"line":85,"column":61},"end":{"line":90,"column":null}},{"start":{"line":90,"column":20},"end":{"line":91,"column":null}}],"line":85},"18":{"loc":{"start":{"line":85,"column":17},"end":{"line":85,"column":null}},"type":"binary-expr","locations":[{"start":{"line":85,"column":17},"end":{"line":85,"column":55}},{"start":{"line":85,"column":55},"end":{"line":85,"column":null}}],"line":85},"19":{"loc":{"start":{"line":91,"column":36},"end":{"line":91,"column":61}},"type":"binary-expr","locations":[{"start":{"line":91,"column":36},"end":{"line":91,"column":59}},{"start":{"line":91,"column":59},"end":{"line":91,"column":61}}],"line":91},"20":{"loc":{"start":{"line":95,"column":13},"end":{"line":98,"column":null}},"type":"binary-expr","locations":[{"start":{"line":95,"column":13},"end":{"line":95,"column":null}},{"start":{"line":96,"column":14},"end":{"line":98,"column":null}}],"line":95}},"s":{"0":11,"1":11,"2":11,"3":11,"4":11,"5":11,"6":1,"7":10,"8":1,"9":9,"10":8,"11":1,"12":1,"13":0,"14":11,"15":0,"16":0,"17":1},"f":{"0":11,"1":11,"2":0,"3":0,"4":1},"b":{"0":[11,11],"1":[11,11],"2":[1,10],"3":[1,9],"4":[1,10],"5":[11,1],"6":[1,9],"7":[8,1],"8":[1,0],"9":[11,1],"10":[11,1],"11":[11,9],"12":[1,10],"13":[1,9],"14":[11,1],"15":[11,1],"16":[1,10],"17":[1,10],"18":[11,1],"19":[10,0],"20":[11,1]},"meta":{"lastBranch":21,"lastFunction":5,"lastStatement":18,"seen":{"f:16:16:16:26":0,"s:17:35:17:Infinity":0,"s:18:21:18:Infinity":1,"b:18:21:18:33:18:21:18:Infinity":0,"s:19:24:19:Infinity":2,"b:19:24:19:36:19:24:19:Infinity":1,"s:22:17:22:Infinity":3,"b:22:30:22:42:22:42:22:Infinity":2,"b:22:55:22:68:22:68:22:Infinity":3,"s:25:21:39:Infinity":4,"f:25:21:25:27":1,"b:26:4:28:Infinity:undefined:undefined:undefined:undefined":4,"s:26:4:28:Infinity":5,"b:26:8:26:22:26:22:26:32":5,"s:27:6:27:Infinity":6,"b:29:4:31:Infinity:undefined:undefined:undefined:undefined":6,"s:29:4:31:Infinity":7,"s:30:6:30:Infinity":8,"b:32:4:34:Infinity:undefined:undefined:undefined:undefined":7,"s:32:4:34:Infinity":9,"s:33:6:33:Infinity":10,"b:35:4:37:Infinity:undefined:undefined:undefined:undefined":8,"s:35:4:37:Infinity":11,"s:36:6:36:Infinity":12,"s:38:4:38:Infinity":13,"s:41:2:111:Infinity":14,"b:46:8:46:32:46:32:46:Infinity":9,"b:47:8:47:33:47:33:47:Infinity":10,"b:48:8:48:33:48:33:48:Infinity":11,"b:63:22:63:Infinity:64:22:66:Infinity":12,"b:65:22:65:Infinity:66:22:66:Infinity":13,"b:70:17:70:Infinity:71:18:71:Infinity":14,"b:73:17:73:42:73:42:73:Infinity":15,"b:80:16:80:Infinity:82:16:82:Infinity":16,"b:85:61:90:Infinity:90:20:91:Infinity":17,"b:85:17:85:55:85:55:85:Infinity":18,"b:91:36:91:59:91:59:91:61":19,"b:95:13:95:Infinity:96:14:98:Infinity":20,"f:105:21:105:22":2,"s:105:28:105:Infinity":15,"f:107:32:107:38":3,"s:107:38:107:60":16,"f:116:16:116:36":4,"s:117:2:131:Infinity":17}}}
,"/var/home/flyinpancake/projects/personal/nag/frontend/src/components/done-button.tsx": {"path":"/var/home/flyinpancake/projects/personal/nag/frontend/src/components/done-button.tsx","statementMap":{"0":{"start":{"line":29,"column":24},"end":{"line":29,"column":null}},"1":{"start":{"line":30,"column":32},"end":{"line":30,"column":null}},"2":{"start":{"line":31,"column":8},"end":{"line":31,"column":null}},"3":{"start":{"line":32,"column":8},"end":{"line":32,"column":null}},"4":{"start":{"line":34,"column":8},"end":{"line":63,"column":null}},"5":{"start":{"line":35,"column":19},"end":{"line":42,"column":null}},"6":{"start":{"line":44,"column":37},"end":{"line":44,"column":null}},"7":{"start":{"line":45,"column":26},"end":{"line":45,"column":null}},"8":{"start":{"line":47,"column":4},"end":{"line":57,"column":null}},"9":{"start":{"line":47,"column":17},"end":{"line":47,"column":20}},"10":{"start":{"line":48,"column":6},"end":{"line":56,"column":null}},"11":{"start":{"line":59,"column":4},"end":{"line":59,"column":null}},"12":{"start":{"line":62,"column":4},"end":{"line":62,"column":null}},"13":{"start":{"line":62,"column":21},"end":{"line":62,"column":39}},"14":{"start":{"line":65,"column":22},"end":{"line":78,"column":null}},"15":{"start":{"line":66,"column":4},"end":{"line":66,"column":null}},"16":{"start":{"line":66,"column":38},"end":{"line":66,"column":null}},"17":{"start":{"line":68,"column":4},"end":{"line":68,"column":null}},"18":{"start":{"line":69,"column":4},"end":{"line":77,"column":null}},"19":{"start":{"line":70,"column":6},"end":{"line":70,"column":null}},"20":{"start":{"line":71,"column":6},"end":{"line":71,"column":null}},"21":{"start":{"line":72,"column":6},"end":{"line":72,"column":null}},"22":{"start":{"line":74,"column":6},"end":{"line":74,"column":null}},"23":{"start":{"line":74,"column":23},"end":{"line":74,"column":41}},"24":{"start":{"line":76,"column":6},"end":{"line":76,"column":null}},"25":{"start":{"line":80,"column":17},"end":{"line":80,"column":null}},"26":{"start":{"line":82,"column":2},"end":{"line":179,"column":null}},"27":{"start":{"line":128,"column":8},"end":{"line":142,"column":null}}},"fnMap":{"0":{"name":"DoneButton","decl":{"start":{"line":23,"column":16},"end":{"line":23,"column":27}},"loc":{"start":{"line":28,"column":20},"end":{"line":181,"column":null}},"line":28},"1":{"name":"(anonymous_1)","decl":{"start":{"line":34,"column":38},"end":{"line":34,"column":44}},"loc":{"start":{"line":34,"column":44},"end":{"line":63,"column":5}},"line":34},"2":{"name":"(anonymous_2)","decl":{"start":{"line":62,"column":15},"end":{"line":62,"column":21}},"loc":{"start":{"line":62,"column":21},"end":{"line":62,"column":39}},"line":62},"3":{"name":"(anonymous_3)","decl":{"start":{"line":65,"column":22},"end":{"line":65,"column":34}},"loc":{"start":{"line":65,"column":34},"end":{"line":78,"column":null}},"line":65},"4":{"name":"(anonymous_4)","decl":{"start":{"line":74,"column":17},"end":{"line":74,"column":23}},"loc":{"start":{"line":74,"column":23},"end":{"line":74,"column":41}},"line":74},"5":{"name":"(anonymous_5)","decl":{"start":{"line":127,"column":21},"end":{"line":127,"column":22}},"loc":{"start":{"line":128,"column":8},"end":{"line":142,"column":null}},"line":128}},"branchMap":{"0":{"loc":{"start":{"line":27,"column":2},"end":{"line":27,"column":null}},"type":"default-arg","locations":[{"start":{"line":27,"column":12},"end":{"line":27,"column":null}}],"line":27},"1":{"loc":{"start":{"line":45,"column":26},"end":{"line":45,"column":null}},"type":"cond-expr","locations":[{"start":{"line":45,"column":47},"end":{"line":45,"column":52}},{"start":{"line":45,"column":52},"end":{"line":45,"column":null}}],"line":45},"2":{"loc":{"start":{"line":66,"column":4},"end":{"line":66,"column":null}},"type":"if","locations":[{"start":{"line":66,"column":4},"end":{"line":66,"column":null}},{"start":{},"end":{}}],"line":66},"3":{"loc":{"start":{"line":66,"column":8},"end":{"line":66,"column":38}},"type":"binary-expr","locations":[{"start":{"line":66,"column":8},"end":{"line":66,"column":28}},{"start":{"line":66,"column":28},"end":{"line":66,"column":38}}],"line":66},"4":{"loc":{"start":{"line":86,"column":16},"end":{"line":86,"column":null}},"type":"binary-expr","locations":[{"start":{"line":86,"column":16},"end":{"line":86,"column":28}},{"start":{"line":86,"column":28},"end":{"line":86,"column":null}}],"line":86},"5":{"loc":{"start":{"line":95,"column":8},"end":{"line":111,"column":null}},"type":"cond-expr","locations":[{"start":{"line":96,"column":12},"end":{"line":103,"column":null}},{"start":{"line":104,"column":12},"end":{"line":111,"column":null}}],"line":95},"6":{"loc":{"start":{"line":100,"column":14},"end":{"line":102,"column":null}},"type":"cond-expr","locations":[{"start":{"line":101,"column":18},"end":{"line":101,"column":null}},{"start":{"line":102,"column":18},"end":{"line":102,"column":null}}],"line":100},"7":{"loc":{"start":{"line":108,"column":14},"end":{"line":110,"column":null}},"type":"cond-expr","locations":[{"start":{"line":109,"column":18},"end":{"line":109,"column":null}},{"start":{"line":110,"column":18},"end":{"line":110,"column":null}}],"line":108},"8":{"loc":{"start":{"line":117,"column":7},"end":{"line":123,"column":null}},"type":"binary-expr","locations":[{"start":{"line":117,"column":7},"end":{"line":117,"column":null}},{"start":{"line":118,"column":8},"end":{"line":123,"column":null}}],"line":117},"9":{"loc":{"start":{"line":137,"column":26},"end":{"line":137,"column":null}},"type":"cond-expr","locations":[{"start":{"line":137,"column":48},"end":{"line":137,"column":56}},{"start":{"line":137,"column":56},"end":{"line":137,"column":null}}],"line":137},"10":{"loc":{"start":{"line":147,"column":9},"end":{"line":176,"column":null}},"type":"cond-expr","locations":[{"start":{"line":148,"column":10},"end":{"line":150,"column":null}},{"start":{"line":151,"column":12},"end":{"line":176,"column":null}}],"line":147},"11":{"loc":{"start":{"line":149,"column":42},"end":{"line":149,"column":72}},"type":"cond-expr","locations":[{"start":{"line":149,"column":51},"end":{"line":149,"column":63}},{"start":{"line":149,"column":63},"end":{"line":149,"column":72}}],"line":149},"12":{"loc":{"start":{"line":151,"column":12},"end":{"line":176,"column":null}},"type":"cond-expr","locations":[{"start":{"line":152,"column":10},"end":{"line":162,"column":null}},{"start":{"line":164,"column":10},"end":{"line":176,"column":null}}],"line":151},"13":{"loc":{"start":{"line":156,"column":16},"end":{"line":156,"column":null}},"type":"cond-expr","locations":[{"start":{"line":156,"column":25},"end":{"line":156,"column":37}},{"start":{"line":156,"column":37},"end":{"line":156,"column":null}}],"line":156},"14":{"loc":{"start":{"line":159,"column":13},"end":{"line":160,"column":null}},"type":"binary-expr","locations":[{"start":{"line":159,"column":13},"end":{"line":159,"column":null}},{"start":{"line":160,"column":14},"end":{"line":160,"column":null}}],"line":159},"15":{"loc":{"start":{"line":165,"column":13},"end":{"line":174,"column":null}},"type":"cond-expr","locations":[{"start":{"line":166,"column":14},"end":{"line":169,"column":null}},{"start":{"line":171,"column":14},"end":{"line":174,"column":null}}],"line":165}},"s":{"0":11,"1":11,"2":11,"3":11,"4":11,"5":0,"6":0,"7":0,"8":0,"9":0,"10":0,"11":0,"12":0,"13":0,"14":11,"15":0,"16":0,"17":0,"18":0,"19":0,"20":0,"21":0,"22":0,"23":0,"24":0,"25":11,"26":11,"27":0},"f":{"0":11,"1":0,"2":0,"3":0,"4":0,"5":0},"b":{"0":[11],"1":[0,0],"2":[0,0],"3":[0,0],"4":[11,11],"5":[0,11],"6":[0,0],"7":[0,11],"8":[11,0],"9":[0,0],"10":[0,11],"11":[0,0],"12":[0,11],"13":[0,0],"14":[0,0],"15":[0,11]},"meta":{"lastBranch":16,"lastFunction":6,"lastStatement":28,"seen":{"f:23:16:23:27":0,"b:27:12:27:Infinity":0,"s:29:24:29:Infinity":0,"s:30:32:30:Infinity":1,"s:31:8:31:Infinity":2,"s:32:8:32:Infinity":3,"s:34:8:63:Infinity":4,"f:34:38:34:44":1,"s:35:19:42:Infinity":5,"s:44:37:44:Infinity":6,"s:45:26:45:Infinity":7,"b:45:47:45:52:45:52:45:Infinity":1,"s:47:4:57:Infinity":8,"s:47:17:47:20":9,"s:48:6:56:Infinity":10,"s:59:4:59:Infinity":11,"s:62:4:62:Infinity":12,"f:62:15:62:21":2,"s:62:21:62:39":13,"s:65:22:78:Infinity":14,"f:65:22:65:34":3,"b:66:4:66:Infinity:undefined:undefined:undefined:undefined":2,"s:66:4:66:Infinity":15,"b:66:8:66:28:66:28:66:38":3,"s:66:38:66:Infinity":16,"s:68:4:68:Infinity":17,"s:69:4:77:Infinity":18,"s:70:6:70:Infinity":19,"s:71:6:71:Infinity":20,"s:72:6:72:Infinity":21,"s:74:6:74:Infinity":22,"f:74:17:74:23":4,"s:74:23:74:41":23,"s:76:6:76:Infinity":24,"s:80:17:80:Infinity":25,"s:82:2:179:Infinity":26,"b:86:16:86:28:86:28:86:Infinity":4,"b:96:12:103:Infinity:104:12:111:Infinity":5,"b:101:18:101:Infinity:102:18:102:Infinity":6,"b:109:18:109:Infinity:110:18:110:Infinity":7,"b:117:7:117:Infinity:118:8:123:Infinity":8,"f:127:21:127:22":5,"s:128:8:142:Infinity":27,"b:137:48:137:56:137:56:137:Infinity":9,"b:148:10:150:Infinity:151:12:176:Infinity":10,"b:149:51:149:63:149:63:149:72":11,"b:152:10:162:Infinity:164:10:176:Infinity":12,"b:156:25:156:37:156:37:156:Infinity":13,"b:159:13:159:Infinity:160:14:160:Infinity":14,"b:166:14:169:Infinity:171:14:174:Infinity":15}}}
,"/var/home/flyinpancake/projects/personal/nag/frontend/src/hooks/use-chores.ts": {"path":"/var/home/flyinpancake/projects/personal/nag/frontend/src/hooks/use-chores.ts","statementMap":{"0":{"start":{"line":10,"column":25},"end":{"line":21,"column":null}},"1":{"start":{"line":12,"column":15},"end":{"line":12,"column":null}},"2":{"start":{"line":14,"column":4},"end":{"line":14,"column":null}},"3":{"start":{"line":16,"column":4},"end":{"line":16,"column":null}},"4":{"start":{"line":17,"column":17},"end":{"line":17,"column":null}},"5":{"start":{"line":18,"column":26},"end":{"line":18,"column":null}},"6":{"start":{"line":20,"column":4},"end":{"line":20,"column":null}},"7":{"start":{"line":25,"column":2},"end":{"line":28,"column":null}},"8":{"start":{"line":27,"column":19},"end":{"line":27,"column":null}},"9":{"start":{"line":33,"column":2},"end":{"line":38,"column":null}},"10":{"start":{"line":35,"column":19},"end":{"line":35,"column":null}},"11":{"start":{"line":43,"column":2},"end":{"line":47,"column":null}},"12":{"start":{"line":45,"column":19},"end":{"line":45,"column":null}},"13":{"start":{"line":52,"column":8},"end":{"line":52,"column":null}},"14":{"start":{"line":54,"column":2},"end":{"line":61,"column":null}},"15":{"start":{"line":55,"column":46},"end":{"line":55,"column":null}},"16":{"start":{"line":58,"column":6},"end":{"line":58,"column":null}},"17":{"start":{"line":59,"column":6},"end":{"line":59,"column":null}},"18":{"start":{"line":66,"column":8},"end":{"line":66,"column":null}},"19":{"start":{"line":68,"column":2},"end":{"line":78,"column":null}},"20":{"start":{"line":70,"column":6},"end":{"line":70,"column":null}},"21":{"start":{"line":73,"column":6},"end":{"line":73,"column":null}},"22":{"start":{"line":75,"column":6},"end":{"line":75,"column":null}},"23":{"start":{"line":76,"column":6},"end":{"line":76,"column":null}},"24":{"start":{"line":83,"column":8},"end":{"line":83,"column":null}},"25":{"start":{"line":85,"column":2},"end":{"line":94,"column":null}},"26":{"start":{"line":86,"column":32},"end":{"line":86,"column":null}},"27":{"start":{"line":89,"column":6},"end":{"line":89,"column":null}},"28":{"start":{"line":91,"column":6},"end":{"line":91,"column":null}},"29":{"start":{"line":92,"column":6},"end":{"line":92,"column":null}},"30":{"start":{"line":99,"column":8},"end":{"line":99,"column":null}},"31":{"start":{"line":101,"column":2},"end":{"line":116,"column":null}},"32":{"start":{"line":103,"column":6},"end":{"line":103,"column":null}},"33":{"start":{"line":106,"column":6},"end":{"line":108,"column":null}},"34":{"start":{"line":110,"column":6},"end":{"line":112,"column":null}},"35":{"start":{"line":114,"column":6},"end":{"line":114,"column":null}},"36":{"start":{"line":124,"column":2},"end":{"line":128,"column":null}},"37":{"start":{"line":126,"column":19},"end":{"line":126,"column":null}},"38":{"start":{"line":133,"column":8},"end":{"line":133,"column":null}},"39":{"start":{"line":135,"column":2},"end":{"line":150,"column":null}},"40":{"start":{"line":137,"column":6},"end":{"line":137,"column":null}},"41":{"start":{"line":137,"column":43},"end":{"line":137,"column":50}},"42":{"start":{"line":140,"column":6},"end":{"line":142,"column":null}},"43":{"start":{"line":144,"column":6},"end":{"line":146,"column":null}},"44":{"start":{"line":148,"column":6},"end":{"line":148,"column":null}}},"fnMap":{"0":{"name":"(anonymous_0)","decl":{"start":{"line":12,"column":9},"end":{"line":12,"column":15}},"loc":{"start":{"line":12,"column":15},"end":{"line":12,"column":null}},"line":12},"1":{"name":"(anonymous_1)","decl":{"start":{"line":13,"column":8},"end":{"line":13,"column":9}},"loc":{"start":{"line":14,"column":4},"end":{"line":14,"column":null}},"line":14},"2":{"name":"(anonymous_2)","decl":{"start":{"line":15,"column":7},"end":{"line":15,"column":8}},"loc":{"start":{"line":16,"column":4},"end":{"line":16,"column":null}},"line":16},"3":{"name":"(anonymous_3)","decl":{"start":{"line":17,"column":11},"end":{"line":17,"column":17}},"loc":{"start":{"line":17,"column":17},"end":{"line":17,"column":null}},"line":17},"4":{"name":"(anonymous_4)","decl":{"start":{"line":18,"column":10},"end":{"line":18,"column":11}},"loc":{"start":{"line":18,"column":26},"end":{"line":18,"column":null}},"line":18},"5":{"name":"(anonymous_5)","decl":{"start":{"line":19,"column":15},"end":{"line":19,"column":16}},"loc":{"start":{"line":20,"column":4},"end":{"line":20,"column":null}},"line":20},"6":{"name":"useChores","decl":{"start":{"line":24,"column":16},"end":{"line":24,"column":26}},"loc":{"start":{"line":24,"column":72},"end":{"line":29,"column":null}},"line":24},"7":{"name":"(anonymous_7)","decl":{"start":{"line":27,"column":13},"end":{"line":27,"column":19}},"loc":{"start":{"line":27,"column":19},"end":{"line":27,"column":null}},"line":27},"8":{"name":"useDueChores","decl":{"start":{"line":32,"column":16},"end":{"line":32,"column":29}},"loc":{"start":{"line":32,"column":53},"end":{"line":39,"column":null}},"line":32},"9":{"name":"(anonymous_9)","decl":{"start":{"line":35,"column":13},"end":{"line":35,"column":19}},"loc":{"start":{"line":35,"column":19},"end":{"line":35,"column":null}},"line":35},"10":{"name":"useChore","decl":{"start":{"line":42,"column":16},"end":{"line":42,"column":25}},"loc":{"start":{"line":42,"column":37},"end":{"line":48,"column":null}},"line":42},"11":{"name":"(anonymous_11)","decl":{"start":{"line":45,"column":13},"end":{"line":45,"column":19}},"loc":{"start":{"line":45,"column":19},"end":{"line":45,"column":null}},"line":45},"12":{"name":"useCreateChore","decl":{"start":{"line":51,"column":16},"end":{"line":51,"column":33}},"loc":{"start":{"line":51,"column":33},"end":{"line":62,"column":null}},"line":51},"13":{"name":"(anonymous_13)","decl":{"start":{"line":55,"column":16},"end":{"line":55,"column":17}},"loc":{"start":{"line":55,"column":46},"end":{"line":55,"column":null}},"line":55},"14":{"name":"(anonymous_14)","decl":{"start":{"line":56,"column":15},"end":{"line":56,"column":21}},"loc":{"start":{"line":56,"column":21},"end":{"line":60,"column":null}},"line":56},"15":{"name":"useUpdateChore","decl":{"start":{"line":65,"column":16},"end":{"line":65,"column":33}},"loc":{"start":{"line":65,"column":33},"end":{"line":79,"column":null}},"line":65},"16":{"name":"(anonymous_16)","decl":{"start":{"line":69,"column":16},"end":{"line":69,"column":17}},"loc":{"start":{"line":70,"column":6},"end":{"line":70,"column":null}},"line":70},"17":{"name":"(anonymous_17)","decl":{"start":{"line":71,"column":15},"end":{"line":71,"column":16}},"loc":{"start":{"line":71,"column":33},"end":{"line":77,"column":null}},"line":71},"18":{"name":"useDeleteChore","decl":{"start":{"line":82,"column":16},"end":{"line":82,"column":33}},"loc":{"start":{"line":82,"column":33},"end":{"line":95,"column":null}},"line":82},"19":{"name":"(anonymous_19)","decl":{"start":{"line":86,"column":16},"end":{"line":86,"column":17}},"loc":{"start":{"line":86,"column":32},"end":{"line":86,"column":null}},"line":86},"20":{"name":"(anonymous_20)","decl":{"start":{"line":87,"column":15},"end":{"line":87,"column":16}},"loc":{"start":{"line":87,"column":26},"end":{"line":93,"column":null}},"line":87},"21":{"name":"useCompleteChore","decl":{"start":{"line":98,"column":16},"end":{"line":98,"column":35}},"loc":{"start":{"line":98,"column":35},"end":{"line":117,"column":null}},"line":98},"22":{"name":"(anonymous_22)","decl":{"start":{"line":102,"column":16},"end":{"line":102,"column":17}},"loc":{"start":{"line":103,"column":6},"end":{"line":103,"column":null}},"line":103},"23":{"name":"(anonymous_23)","decl":{"start":{"line":104,"column":15},"end":{"line":104,"column":16}},"loc":{"start":{"line":104,"column":31},"end":{"line":115,"column":null}},"line":104},"24":{"name":"useCompletions","decl":{"start":{"line":120,"column":16},"end":{"line":120,"column":null}},"loc":{"start":{"line":123,"column":2},"end":{"line":129,"column":null}},"line":123},"25":{"name":"(anonymous_25)","decl":{"start":{"line":126,"column":13},"end":{"line":126,"column":19}},"loc":{"start":{"line":126,"column":19},"end":{"line":126,"column":null}},"line":126},"26":{"name":"useDeleteCompletion","decl":{"start":{"line":132,"column":16},"end":{"line":132,"column":38}},"loc":{"start":{"line":132,"column":38},"end":{"line":151,"column":null}},"line":132},"27":{"name":"(anonymous_27)","decl":{"start":{"line":136,"column":16},"end":{"line":136,"column":17}},"loc":{"start":{"line":137,"column":6},"end":{"line":137,"column":null}},"line":137},"28":{"name":"(anonymous_28)","decl":{"start":{"line":137,"column":37},"end":{"line":137,"column":43}},"loc":{"start":{"line":137,"column":43},"end":{"line":137,"column":50}},"line":137},"29":{"name":"(anonymous_29)","decl":{"start":{"line":138,"column":15},"end":{"line":138,"column":16}},"loc":{"start":{"line":138,"column":28},"end":{"line":149,"column":null}},"line":138}},"branchMap":{"0":{"loc":{"start":{"line":32,"column":29},"end":{"line":32,"column":53}},"type":"default-arg","locations":[{"start":{"line":32,"column":47},"end":{"line":32,"column":53}}],"line":32},"1":{"loc":{"start":{"line":102,"column":23},"end":{"line":102,"column":33}},"type":"default-arg","locations":[{"start":{"line":102,"column":30},"end":{"line":102,"column":33}}],"line":102}},"s":{"0":1,"1":9,"2":5,"3":3,"4":10,"5":9,"6":7,"7":4,"8":2,"9":2,"10":1,"11":3,"12":1,"13":2,"14":2,"15":1,"16":1,"17":1,"18":2,"19":2,"20":1,"21":1,"22":1,"23":1,"24":2,"25":2,"26":1,"27":1,"28":1,"29":1,"30":4,"31":4,"32":2,"33":2,"34":2,"35":2,"36":3,"37":1,"38":2,"39":2,"40":1,"41":1,"42":1,"43":1,"44":1},"f":{"0":9,"1":5,"2":3,"3":10,"4":9,"5":7,"6":4,"7":2,"8":2,"9":1,"10":3,"11":1,"12":2,"13":1,"14":1,"15":2,"16":1,"17":1,"18":2,"19":1,"20":1,"21":4,"22":2,"23":2,"24":3,"25":1,"26":2,"27":1,"28":1,"29":1},"b":{"0":[2],"1":[2]},"meta":{"lastBranch":2,"lastFunction":30,"lastStatement":45,"seen":{"s:10:25:21:Infinity":0,"f:12:9:12:15":0,"s:12:15:12:Infinity":1,"f:13:8:13:9":1,"s:14:4:14:Infinity":2,"f:15:7:15:8":2,"s:16:4:16:Infinity":3,"f:17:11:17:17":3,"s:17:17:17:Infinity":4,"f:18:10:18:11":4,"s:18:26:18:Infinity":5,"f:19:15:19:16":5,"s:20:4:20:Infinity":6,"f:24:16:24:26":6,"s:25:2:28:Infinity":7,"f:27:13:27:19":7,"s:27:19:27:Infinity":8,"f:32:16:32:29":8,"b:32:47:32:53":0,"s:33:2:38:Infinity":9,"f:35:13:35:19":9,"s:35:19:35:Infinity":10,"f:42:16:42:25":10,"s:43:2:47:Infinity":11,"f:45:13:45:19":11,"s:45:19:45:Infinity":12,"f:51:16:51:33":12,"s:52:8:52:Infinity":13,"s:54:2:61:Infinity":14,"f:55:16:55:17":13,"s:55:46:55:Infinity":15,"f:56:15:56:21":14,"s:58:6:58:Infinity":16,"s:59:6:59:Infinity":17,"f:65:16:65:33":15,"s:66:8:66:Infinity":18,"s:68:2:78:Infinity":19,"f:69:16:69:17":16,"s:70:6:70:Infinity":20,"f:71:15:71:16":17,"s:73:6:73:Infinity":21,"s:75:6:75:Infinity":22,"s:76:6:76:Infinity":23,"f:82:16:82:33":18,"s:83:8:83:Infinity":24,"s:85:2:94:Infinity":25,"f:86:16:86:17":19,"s:86:32:86:Infinity":26,"f:87:15:87:16":20,"s:89:6:89:Infinity":27,"s:91:6:91:Infinity":28,"s:92:6:92:Infinity":29,"f:98:16:98:35":21,"s:99:8:99:Infinity":30,"s:101:2:116:Infinity":31,"f:102:16:102:17":22,"s:103:6:103:Infinity":32,"b:102:30:102:33":1,"f:104:15:104:16":23,"s:106:6:108:Infinity":33,"s:110:6:112:Infinity":34,"s:114:6:114:Infinity":35,"f:120:16:120:Infinity":24,"s:124:2:128:Infinity":36,"f:126:13:126:19":25,"s:126:19:126:Infinity":37,"f:132:16:132:38":26,"s:133:8:133:Infinity":38,"s:135:2:150:Infinity":39,"f:136:16:136:17":27,"s:137:6:137:Infinity":40,"f:137:37:137:43":28,"s:137:43:137:50":41,"f:138:15:138:16":29,"s:140:6:142:Infinity":42,"s:144:6:146:Infinity":43,"s:148:6:148:Infinity":44}}}
,"/var/home/flyinpancake/projects/personal/nag/frontend/src/lib/api.ts": {"path":"/var/home/flyinpancake/projects/personal/nag/frontend/src/lib/api.ts","statementMap":{"0":{"start":{"line":20,"column":4},"end":{"line":20,"column":null}},"1":{"start":{"line":16,"column":11},"end":{"line":16,"column":null}},"2":{"start":{"line":17,"column":11},"end":{"line":17,"column":null}},"3":{"start":{"line":18,"column":11},"end":{"line":18,"column":null}},"4":{"start":{"line":21,"column":4},"end":{"line":21,"column":null}},"5":{"start":{"line":30,"column":19},"end":{"line":36,"column":null}},"6":{"start":{"line":38,"column":2},"end":{"line":51,"column":null}},"7":{"start":{"line":40,"column":4},"end":{"line":50,"column":null}},"8":{"start":{"line":41,"column":20},"end":{"line":41,"column":null}},"9":{"start":{"line":42,"column":6},"end":{"line":46,"column":null}},"10":{"start":{"line":48,"column":6},"end":{"line":48,"column":null}},"11":{"start":{"line":48,"column":33},"end":{"line":48,"column":null}},"12":{"start":{"line":49,"column":6},"end":{"line":49,"column":null}},"13":{"start":{"line":54,"column":2},"end":{"line":56,"column":null}},"14":{"start":{"line":55,"column":4},"end":{"line":55,"column":null}},"15":{"start":{"line":58,"column":2},"end":{"line":58,"column":null}},"16":{"start":{"line":62,"column":25},"end":{"line":119,"column":null}},"17":{"start":{"line":64,"column":25},"end":{"line":64,"column":null}},"18":{"start":{"line":65,"column":4},"end":{"line":65,"column":null}},"19":{"start":{"line":65,"column":24},"end":{"line":65,"column":null}},"20":{"start":{"line":66,"column":4},"end":{"line":66,"column":null}},"21":{"start":{"line":66,"column":23},"end":{"line":66,"column":null}},"22":{"start":{"line":67,"column":18},"end":{"line":67,"column":null}},"23":{"start":{"line":68,"column":4},"end":{"line":68,"column":null}},"24":{"start":{"line":72,"column":18},"end":{"line":72,"column":null}},"25":{"start":{"line":73,"column":4},"end":{"line":73,"column":null}},"26":{"start":{"line":77,"column":4},"end":{"line":77,"column":null}},"27":{"start":{"line":81,"column":4},"end":{"line":84,"column":null}},"28":{"start":{"line":88,"column":4},"end":{"line":91,"column":null}},"29":{"start":{"line":95,"column":4},"end":{"line":97,"column":null}},"30":{"start":{"line":101,"column":4},"end":{"line":104,"column":null}},"31":{"start":{"line":111,"column":25},"end":{"line":111,"column":null}},"32":{"start":{"line":112,"column":4},"end":{"line":112,"column":null}},"33":{"start":{"line":112,"column":24},"end":{"line":112,"column":null}},"34":{"start":{"line":113,"column":4},"end":{"line":113,"column":null}},"35":{"start":{"line":113,"column":23},"end":{"line":113,"column":null}},"36":{"start":{"line":114,"column":18},"end":{"line":114,"column":null}},"37":{"start":{"line":115,"column":4},"end":{"line":117,"column":null}},"38":{"start":{"line":122,"column":30},"end":{"line":128,"column":null}},"39":{"start":{"line":124,"column":4},"end":{"line":126,"column":null}}},"fnMap":{"0":{"name":"(anonymous_0)","decl":{"start":{"line":15,"column":2},"end":{"line":15,"column":null}},"loc":{"start":{"line":19,"column":4},"end":{"line":22,"column":null}},"line":19},"1":{"name":"apiFetch","decl":{"start":{"line":26,"column":15},"end":{"line":26,"column":null}},"loc":{"start":{"line":29,"column":14},"end":{"line":59,"column":null}},"line":29},"2":{"name":"(anonymous_2)","decl":{"start":{"line":63,"column":8},"end":{"line":63,"column":15}},"loc":{"start":{"line":63,"column":90},"end":{"line":69,"column":null}},"line":63},"3":{"name":"(anonymous_3)","decl":{"start":{"line":71,"column":10},"end":{"line":71,"column":17}},"loc":{"start":{"line":71,"column":69},"end":{"line":74,"column":null}},"line":71},"4":{"name":"(anonymous_4)","decl":{"start":{"line":76,"column":7},"end":{"line":76,"column":14}},"loc":{"start":{"line":76,"column":45},"end":{"line":78,"column":null}},"line":76},"5":{"name":"(anonymous_5)","decl":{"start":{"line":80,"column":10},"end":{"line":80,"column":17}},"loc":{"start":{"line":80,"column":62},"end":{"line":85,"column":null}},"line":80},"6":{"name":"(anonymous_6)","decl":{"start":{"line":87,"column":10},"end":{"line":87,"column":17}},"loc":{"start":{"line":87,"column":74},"end":{"line":92,"column":null}},"line":87},"7":{"name":"(anonymous_7)","decl":{"start":{"line":94,"column":10},"end":{"line":94,"column":17}},"loc":{"start":{"line":94,"column":47},"end":{"line":98,"column":null}},"line":94},"8":{"name":"(anonymous_8)","decl":{"start":{"line":100,"column":12},"end":{"line":100,"column":19}},"loc":{"start":{"line":100,"column":88},"end":{"line":105,"column":null}},"line":100},"9":{"name":"(anonymous_9)","decl":{"start":{"line":107,"column":19},"end":{"line":107,"column":null}},"loc":{"start":{"line":110,"column":38},"end":{"line":118,"column":null}},"line":110},"10":{"name":"(anonymous_10)","decl":{"start":{"line":123,"column":10},"end":{"line":123,"column":17}},"loc":{"start":{"line":123,"column":47},"end":{"line":127,"column":null}},"line":123}},"branchMap":{"0":{"loc":{"start":{"line":20,"column":10},"end":{"line":20,"column":25}},"type":"binary-expr","locations":[{"start":{"line":20,"column":10},"end":{"line":20,"column":20}},{"start":{"line":20,"column":20},"end":{"line":20,"column":25}}],"line":20},"1":{"loc":{"start":{"line":38,"column":2},"end":{"line":51,"column":null}},"type":"if","locations":[{"start":{"line":38,"column":2},"end":{"line":51,"column":null}},{"start":{},"end":{}}],"line":38},"2":{"loc":{"start":{"line":44,"column":8},"end":{"line":44,"column":null}},"type":"binary-expr","locations":[{"start":{"line":44,"column":8},"end":{"line":44,"column":23}},{"start":{"line":44,"column":23},"end":{"line":44,"column":null}}],"line":44},"3":{"loc":{"start":{"line":48,"column":6},"end":{"line":48,"column":null}},"type":"if","locations":[{"start":{"line":48,"column":6},"end":{"line":48,"column":null}},{"start":{},"end":{}}],"line":48},"4":{"loc":{"start":{"line":54,"column":2},"end":{"line":56,"column":null}},"type":"if","locations":[{"start":{"line":54,"column":2},"end":{"line":56,"column":null}},{"start":{},"end":{}}],"line":54},"5":{"loc":{"start":{"line":65,"column":4},"end":{"line":65,"column":null}},"type":"if","locations":[{"start":{"line":65,"column":4},"end":{"line":65,"column":null}},{"start":{},"end":{}}],"line":65},"6":{"loc":{"start":{"line":66,"column":4},"end":{"line":66,"column":null}},"type":"if","locations":[{"start":{"line":66,"column":4},"end":{"line":66,"column":null}},{"start":{},"end":{}}],"line":66},"7":{"loc":{"start":{"line":68,"column":51},"end":{"line":68,"column":75}},"type":"cond-expr","locations":[{"start":{"line":68,"column":59},"end":{"line":68,"column":73}},{"start":{"line":68,"column":73},"end":{"line":68,"column":75}}],"line":68},"8":{"loc":{"start":{"line":71,"column":17},"end":{"line":71,"column":69}},"type":"default-arg","locations":[{"start":{"line":71,"column":35},"end":{"line":71,"column":69}}],"line":71},"9":{"loc":{"start":{"line":72,"column":18},"end":{"line":72,"column":null}},"type":"cond-expr","locations":[{"start":{"line":72,"column":36},"end":{"line":72,"column":63}},{"start":{"line":72,"column":63},"end":{"line":72,"column":null}}],"line":72},"10":{"loc":{"start":{"line":100,"column":31},"end":{"line":100,"column":88}},"type":"default-arg","locations":[{"start":{"line":100,"column":60},"end":{"line":100,"column":88}}],"line":100},"11":{"loc":{"start":{"line":112,"column":4},"end":{"line":112,"column":null}},"type":"if","locations":[{"start":{"line":112,"column":4},"end":{"line":112,"column":null}},{"start":{},"end":{}}],"line":112},"12":{"loc":{"start":{"line":113,"column":4},"end":{"line":113,"column":null}},"type":"if","locations":[{"start":{"line":113,"column":4},"end":{"line":113,"column":null}},{"start":{},"end":{}}],"line":113},"13":{"loc":{"start":{"line":116,"column":43},"end":{"line":116,"column":67}},"type":"cond-expr","locations":[{"start":{"line":116,"column":51},"end":{"line":116,"column":65}},{"start":{"line":116,"column":65},"end":{"line":116,"column":67}}],"line":116}},"s":{"0":0,"1":0,"2":0,"3":0,"4":0,"5":11,"6":11,"7":0,"8":0,"9":0,"10":0,"11":0,"12":0,"13":11,"14":2,"15":9,"16":1,"17":2,"18":2,"19":0,"20":2,"21":1,"22":2,"23":2,"24":1,"25":1,"26":1,"27":1,"28":1,"29":1,"30":2,"31":1,"32":1,"33":0,"34":1,"35":0,"36":1,"37":1,"38":1,"39":1},"f":{"0":0,"1":11,"2":2,"3":1,"4":1,"5":1,"6":1,"7":1,"8":2,"9":1,"10":1},"b":{"0":[0,0],"1":[0,11],"2":[0,0],"3":[0,0],"4":[2,9],"5":[0,2],"6":[1,1],"7":[1,1],"8":[1],"9":[1,0],"10":[2],"11":[0,1],"12":[0,1],"13":[0,1]},"meta":{"lastBranch":14,"lastFunction":11,"lastStatement":40,"seen":{"f:15:2:15:Infinity":0,"s:20:4:20:Infinity":0,"b:20:10:20:20:20:20:20:25":0,"s:16:11:16:Infinity":1,"s:17:11:17:Infinity":2,"s:18:11:18:Infinity":3,"s:21:4:21:Infinity":4,"f:26:15:26:Infinity":1,"s:30:19:36:Infinity":5,"b:38:2:51:Infinity:undefined:undefined:undefined:undefined":1,"s:38:2:51:Infinity":6,"s:40:4:50:Infinity":7,"s:41:20:41:Infinity":8,"s:42:6:46:Infinity":9,"b:44:8:44:23:44:23:44:Infinity":2,"b:48:6:48:Infinity:undefined:undefined:undefined:undefined":3,"s:48:6:48:Infinity":10,"s:48:33:48:Infinity":11,"s:49:6:49:Infinity":12,"b:54:2:56:Infinity:undefined:undefined:undefined:undefined":4,"s:54:2:56:Infinity":13,"s:55:4:55:Infinity":14,"s:58:2:58:Infinity":15,"s:62:25:119:Infinity":16,"f:63:8:63:15":2,"s:64:25:64:Infinity":17,"b:65:4:65:Infinity:undefined:undefined:undefined:undefined":5,"s:65:4:65:Infinity":18,"s:65:24:65:Infinity":19,"b:66:4:66:Infinity:undefined:undefined:undefined:undefined":6,"s:66:4:66:Infinity":20,"s:66:23:66:Infinity":21,"s:67:18:67:Infinity":22,"s:68:4:68:Infinity":23,"b:68:59:68:73:68:73:68:75":7,"f:71:10:71:17":3,"b:71:35:71:69":8,"s:72:18:72:Infinity":24,"b:72:36:72:63:72:63:72:Infinity":9,"s:73:4:73:Infinity":25,"f:76:7:76:14":4,"s:77:4:77:Infinity":26,"f:80:10:80:17":5,"s:81:4:84:Infinity":27,"f:87:10:87:17":6,"s:88:4:91:Infinity":28,"f:94:10:94:17":7,"s:95:4:97:Infinity":29,"f:100:12:100:19":8,"b:100:60:100:88":10,"s:101:4:104:Infinity":30,"f:107:19:107:Infinity":9,"s:111:25:111:Infinity":31,"b:112:4:112:Infinity:undefined:undefined:undefined:undefined":11,"s:112:4:112:Infinity":32,"s:112:24:112:Infinity":33,"b:113:4:113:Infinity:undefined:undefined:undefined:undefined":12,"s:113:4:113:Infinity":34,"s:113:23:113:Infinity":35,"s:114:18:114:Infinity":36,"s:115:4:117:Infinity":37,"b:116:51:116:65:116:65:116:67":13,"s:122:30:128:Infinity":38,"f:123:10:123:17":10,"s:124:4:126:Infinity":39}}}
,"/var/home/flyinpancake/projects/personal/nag/frontend/src/lib/cron.ts": {"path":"/var/home/flyinpancake/projects/personal/nag/frontend/src/lib/cron.ts","statementMap":{"0":{"start":{"line":3,"column":13},"end":{"line":3,"column":null}},"1":{"start":{"line":4,"column":18},"end":{"line":12,"column":null}},"2":{"start":{"line":44,"column":2},"end":{"line":51,"column":null}},"3":{"start":{"line":46,"column":6},"end":{"line":46,"column":null}},"4":{"start":{"line":48,"column":6},"end":{"line":48,"column":null}},"5":{"start":{"line":50,"column":6},"end":{"line":50,"column":null}},"6":{"start":{"line":59,"column":2},"end":{"line":61,"column":null}},"7":{"start":{"line":60,"column":4},"end":{"line":60,"column":null}},"8":{"start":{"line":63,"column":2},"end":{"line":65,"column":null}},"9":{"start":{"line":64,"column":4},"end":{"line":64,"column":null}},"10":{"start":{"line":67,"column":2},"end":{"line":67,"column":null}},"11":{"start":{"line":78,"column":26},"end":{"line":78,"column":null}},"12":{"start":{"line":81,"column":2},"end":{"line":87,"column":null}},"13":{"start":{"line":83,"column":4},"end":{"line":83,"column":null}},"14":{"start":{"line":86,"column":4},"end":{"line":86,"column":null}},"15":{"start":{"line":90,"column":2},"end":{"line":93,"column":null}},"16":{"start":{"line":91,"column":20},"end":{"line":91,"column":null}},"17":{"start":{"line":92,"column":4},"end":{"line":92,"column":null}},"18":{"start":{"line":95,"column":2},"end":{"line":95,"column":null}},"19":{"start":{"line":102,"column":2},"end":{"line":110,"column":null}},"20":{"start":{"line":103,"column":4},"end":{"line":103,"column":null}},"21":{"start":{"line":105,"column":4},"end":{"line":109,"column":null}},"22":{"start":{"line":127,"column":16},"end":{"line":127,"column":null}},"23":{"start":{"line":128,"column":2},"end":{"line":130,"column":null}},"24":{"start":{"line":129,"column":4},"end":{"line":129,"column":null}},"25":{"start":{"line":132,"column":50},"end":{"line":132,"column":null}},"26":{"start":{"line":135,"column":2},"end":{"line":144,"column":null}},"27":{"start":{"line":136,"column":17},"end":{"line":136,"column":null}},"28":{"start":{"line":137,"column":4},"end":{"line":143,"column":null}},"29":{"start":{"line":147,"column":2},"end":{"line":155,"column":null}},"30":{"start":{"line":148,"column":4},"end":{"line":154,"column":null}},"31":{"start":{"line":158,"column":2},"end":{"line":172,"column":null}},"32":{"start":{"line":159,"column":4},"end":{"line":165,"column":null}},"33":{"start":{"line":160,"column":6},"end":{"line":164,"column":null}},"34":{"start":{"line":166,"column":4},"end":{"line":171,"column":null}},"35":{"start":{"line":174,"column":2},"end":{"line":174,"column":null}},"36":{"start":{"line":178,"column":25},"end":{"line":178,"column":null}},"37":{"start":{"line":181,"column":16},"end":{"line":181,"column":null}},"38":{"start":{"line":182,"column":2},"end":{"line":192,"column":null}},"39":{"start":{"line":183,"column":4},"end":{"line":191,"column":null}},"40":{"start":{"line":184,"column":27},"end":{"line":184,"column":null}},"41":{"start":{"line":184,"column":54},"end":{"line":184,"column":69}},"42":{"start":{"line":185,"column":6},"end":{"line":187,"column":null}},"43":{"start":{"line":185,"column":19},"end":{"line":185,"column":26}},"44":{"start":{"line":186,"column":8},"end":{"line":186,"column":null}},"45":{"start":{"line":186,"column":31},"end":{"line":186,"column":null}},"46":{"start":{"line":189,"column":18},"end":{"line":189,"column":null}},"47":{"start":{"line":190,"column":6},"end":{"line":190,"column":null}},"48":{"start":{"line":190,"column":46},"end":{"line":190,"column":null}},"49":{"start":{"line":194,"column":2},"end":{"line":194,"column":null}},"50":{"start":{"line":194,"column":29},"end":{"line":194,"column":34}},"51":{"start":{"line":201,"column":17},"end":{"line":201,"column":null}},"52":{"start":{"line":203,"column":2},"end":{"line":245,"column":null}},"53":{"start":{"line":205,"column":6},"end":{"line":205,"column":null}},"54":{"start":{"line":208,"column":6},"end":{"line":208,"column":null}},"55":{"start":{"line":211,"column":19},"end":{"line":211,"column":null}},"56":{"start":{"line":212,"column":19},"end":{"line":212,"column":null}},"57":{"start":{"line":214,"column":6},"end":{"line":216,"column":null}},"58":{"start":{"line":215,"column":8},"end":{"line":215,"column":null}},"59":{"start":{"line":217,"column":6},"end":{"line":219,"column":null}},"60":{"start":{"line":218,"column":8},"end":{"line":218,"column":null}},"61":{"start":{"line":220,"column":6},"end":{"line":225,"column":null}},"62":{"start":{"line":222,"column":26},"end":{"line":222,"column":42}},"63":{"start":{"line":224,"column":8},"end":{"line":224,"column":null}},"64":{"start":{"line":226,"column":6},"end":{"line":232,"column":null}},"65":{"start":{"line":231,"column":8},"end":{"line":231,"column":null}},"66":{"start":{"line":233,"column":6},"end":{"line":233,"column":null}},"67":{"start":{"line":233,"column":32},"end":{"line":233,"column":39}},"68":{"start":{"line":237,"column":6},"end":{"line":240,"column":null}},"69":{"start":{"line":244,"column":6},"end":{"line":244,"column":null}},"70":{"start":{"line":249,"column":17},"end":{"line":249,"column":null}},"71":{"start":{"line":250,"column":22},"end":{"line":250,"column":null}},"72":{"start":{"line":251,"column":24},"end":{"line":251,"column":null}},"73":{"start":{"line":252,"column":2},"end":{"line":252,"column":null}},"74":{"start":{"line":256,"column":12},"end":{"line":256,"column":null}},"75":{"start":{"line":257,"column":12},"end":{"line":257,"column":null}},"76":{"start":{"line":258,"column":2},"end":{"line":258,"column":null}},"77":{"start":{"line":271,"column":17},"end":{"line":271,"column":null}},"78":{"start":{"line":273,"column":2},"end":{"line":289,"column":null}},"79":{"start":{"line":275,"column":6},"end":{"line":275,"column":null}},"80":{"start":{"line":278,"column":6},"end":{"line":278,"column":null}},"81":{"start":{"line":281,"column":19},"end":{"line":281,"column":null}},"82":{"start":{"line":282,"column":6},"end":{"line":282,"column":null}},"83":{"start":{"line":285,"column":6},"end":{"line":285,"column":null}},"84":{"start":{"line":288,"column":6},"end":{"line":288,"column":null}},"85":{"start":{"line":310,"column":36},"end":{"line":310,"column":null}},"86":{"start":{"line":312,"column":2},"end":{"line":352,"column":null}},"87":{"start":{"line":314,"column":23},"end":{"line":314,"column":null}},"88":{"start":{"line":315,"column":19},"end":{"line":315,"column":null}},"89":{"start":{"line":318,"column":4},"end":{"line":324,"column":null}},"90":{"start":{"line":319,"column":6},"end":{"line":319,"column":null}},"91":{"start":{"line":321,"column":6},"end":{"line":323,"column":null}},"92":{"start":{"line":322,"column":8},"end":{"line":322,"column":null}},"93":{"start":{"line":326,"column":4},"end":{"line":333,"column":null}},"94":{"start":{"line":326,"column":17},"end":{"line":326,"column":20}},"95":{"start":{"line":327,"column":19},"end":{"line":327,"column":null}},"96":{"start":{"line":328,"column":6},"end":{"line":332,"column":null}},"97":{"start":{"line":336,"column":19},"end":{"line":336,"column":null}},"98":{"start":{"line":337,"column":18},"end":{"line":337,"column":null}},"99":{"start":{"line":339,"column":4},"end":{"line":351,"column":null}},"100":{"start":{"line":340,"column":19},"end":{"line":340,"column":null}},"101":{"start":{"line":341,"column":6},"end":{"line":341,"column":null}},"102":{"start":{"line":341,"column":17},"end":{"line":341,"column":null}},"103":{"start":{"line":343,"column":6},"end":{"line":347,"column":null}},"104":{"start":{"line":350,"column":6},"end":{"line":350,"column":null}},"105":{"start":{"line":354,"column":2},"end":{"line":354,"column":null}},"106":{"start":{"line":361,"column":24},"end":{"line":361,"column":null}},"107":{"start":{"line":362,"column":18},"end":{"line":362,"column":null}},"108":{"start":{"line":365,"column":15},"end":{"line":365,"column":null}},"109":{"start":{"line":366,"column":17},"end":{"line":366,"column":null}},"110":{"start":{"line":368,"column":2},"end":{"line":412,"column":null}},"111":{"start":{"line":368,"column":15},"end":{"line":368,"column":18}},"112":{"start":{"line":369,"column":4},"end":{"line":369,"column":null}},"113":{"start":{"line":372,"column":22},"end":{"line":372,"column":null}},"114":{"start":{"line":373,"column":23},"end":{"line":373,"column":null}},"115":{"start":{"line":375,"column":18},"end":{"line":375,"column":null}},"116":{"start":{"line":377,"column":4},"end":{"line":403,"column":null}},"117":{"start":{"line":380,"column":8},"end":{"line":380,"column":null}},"118":{"start":{"line":381,"column":8},"end":{"line":381,"column":null}},"119":{"start":{"line":382,"column":8},"end":{"line":384,"column":null}},"120":{"start":{"line":383,"column":10},"end":{"line":383,"column":null}},"121":{"start":{"line":385,"column":8},"end":{"line":385,"column":null}},"122":{"start":{"line":388,"column":8},"end":{"line":388,"column":null}},"123":{"start":{"line":389,"column":8},"end":{"line":389,"column":null}},"124":{"start":{"line":392,"column":8},"end":{"line":392,"column":null}},"125":{"start":{"line":393,"column":8},"end":{"line":393,"column":null}},"126":{"start":{"line":396,"column":8},"end":{"line":396,"column":null}},"127":{"start":{"line":397,"column":8},"end":{"line":397,"column":null}},"128":{"start":{"line":401,"column":8},"end":{"line":401,"column":null}},"129":{"start":{"line":402,"column":8},"end":{"line":402,"column":null}},"130":{"start":{"line":405,"column":4},"end":{"line":407,"column":null}},"131":{"start":{"line":406,"column":6},"end":{"line":406,"column":null}},"132":{"start":{"line":410,"column":4},"end":{"line":410,"column":null}},"133":{"start":{"line":411,"column":4},"end":{"line":411,"column":null}},"134":{"start":{"line":414,"column":2},"end":{"line":414,"column":null}},"135":{"start":{"line":421,"column":16},"end":{"line":421,"column":null}},"136":{"start":{"line":422,"column":2},"end":{"line":422,"column":null}},"137":{"start":{"line":424,"column":20},"end":{"line":424,"column":null}},"138":{"start":{"line":425,"column":2},"end":{"line":425,"column":null}},"139":{"start":{"line":427,"column":19},"end":{"line":427,"column":null}},"140":{"start":{"line":429,"column":2},"end":{"line":429,"column":null}},"141":{"start":{"line":429,"column":22},"end":{"line":429,"column":null}},"142":{"start":{"line":430,"column":2},"end":{"line":430,"column":null}},"143":{"start":{"line":430,"column":22},"end":{"line":430,"column":null}},"144":{"start":{"line":431,"column":2},"end":{"line":431,"column":null}},"145":{"start":{"line":431,"column":20},"end":{"line":431,"column":null}},"146":{"start":{"line":434,"column":21},"end":{"line":434,"column":null}},"147":{"start":{"line":435,"column":2},"end":{"line":435,"column":null}},"148":{"start":{"line":442,"column":17},"end":{"line":442,"column":null}},"149":{"start":{"line":443,"column":19},"end":{"line":443,"column":null}},"150":{"start":{"line":445,"column":2},"end":{"line":445,"column":null}},"151":{"start":{"line":445,"column":21},"end":{"line":445,"column":null}},"152":{"start":{"line":446,"column":2},"end":{"line":446,"column":null}},"153":{"start":{"line":446,"column":22},"end":{"line":446,"column":null}},"154":{"start":{"line":447,"column":2},"end":{"line":447,"column":null}},"155":{"start":{"line":447,"column":20},"end":{"line":447,"column":null}},"156":{"start":{"line":448,"column":2},"end":{"line":448,"column":null}},"157":{"start":{"line":448,"column":21},"end":{"line":448,"column":null}},"158":{"start":{"line":449,"column":2},"end":{"line":449,"column":null}},"159":{"start":{"line":449,"column":21},"end":{"line":449,"column":null}},"160":{"start":{"line":450,"column":2},"end":{"line":450,"column":null}},"161":{"start":{"line":450,"column":21},"end":{"line":450,"column":null}},"162":{"start":{"line":451,"column":2},"end":{"line":451,"column":null}}},"fnMap":{"0":{"name":"intervalToDays","decl":{"start":{"line":43,"column":16},"end":{"line":43,"column":31}},"loc":{"start":{"line":43,"column":74},"end":{"line":52,"column":null}},"line":43},"1":{"name":"daysToInterval","decl":{"start":{"line":57,"column":16},"end":{"line":57,"column":31}},"loc":{"start":{"line":57,"column":84},"end":{"line":68,"column":null}},"line":57},"2":{"name":"formatIntervalHuman","decl":{"start":{"line":73,"column":16},"end":{"line":73,"column":null}},"loc":{"start":{"line":77,"column":10},"end":{"line":96,"column":null}},"line":77},"3":{"name":"formatScheduleHuman","decl":{"start":{"line":101,"column":16},"end":{"line":101,"column":36}},"loc":{"start":{"line":101,"column":64},"end":{"line":111,"column":null}},"line":101},"4":{"name":"parseCron","decl":{"start":{"line":126,"column":16},"end":{"line":126,"column":26}},"loc":{"start":{"line":126,"column":56},"end":{"line":175,"column":null}},"line":126},"5":{"name":"parseDaysOfWeek","decl":{"start":{"line":177,"column":9},"end":{"line":177,"column":25}},"loc":{"start":{"line":177,"column":50},"end":{"line":195,"column":null}},"line":177},"6":{"name":"(anonymous_6)","decl":{"start":{"line":184,"column":47},"end":{"line":184,"column":48}},"loc":{"start":{"line":184,"column":54},"end":{"line":184,"column":69}},"line":184},"7":{"name":"(anonymous_7)","decl":{"start":{"line":194,"column":19},"end":{"line":194,"column":20}},"loc":{"start":{"line":194,"column":29},"end":{"line":194,"column":34}},"line":194},"8":{"name":"formatCronHuman","decl":{"start":{"line":200,"column":16},"end":{"line":200,"column":32}},"loc":{"start":{"line":200,"column":54},"end":{"line":246,"column":null}},"line":200},"9":{"name":"(anonymous_9)","decl":{"start":{"line":222,"column":19},"end":{"line":222,"column":20}},"loc":{"start":{"line":222,"column":26},"end":{"line":222,"column":42}},"line":222},"10":{"name":"(anonymous_10)","decl":{"start":{"line":233,"column":25},"end":{"line":233,"column":26}},"loc":{"start":{"line":233,"column":32},"end":{"line":233,"column":39}},"line":233},"11":{"name":"formatTime","decl":{"start":{"line":248,"column":16},"end":{"line":248,"column":27}},"loc":{"start":{"line":248,"column":65},"end":{"line":253,"column":null}},"line":248},"12":{"name":"ordinal","decl":{"start":{"line":255,"column":9},"end":{"line":255,"column":17}},"loc":{"start":{"line":255,"column":36},"end":{"line":259,"column":null}},"line":255},"13":{"name":"buildCron","decl":{"start":{"line":264,"column":16},"end":{"line":264,"column":26}},"loc":{"start":{"line":270,"column":11},"end":{"line":290,"column":null}},"line":270},"14":{"name":"getNextOccurrences","decl":{"start":{"line":305,"column":16},"end":{"line":305,"column":null}},"loc":{"start":{"line":309,"column":16},"end":{"line":355,"column":null}},"line":309},"15":{"name":"getNextCronOccurrence","decl":{"start":{"line":360,"column":9},"end":{"line":360,"column":31}},"loc":{"start":{"line":360,"column":80},"end":{"line":415,"column":null}},"line":360},"16":{"name":"formatDateLabel","decl":{"start":{"line":420,"column":9},"end":{"line":420,"column":25}},"loc":{"start":{"line":420,"column":57},"end":{"line":436,"column":null}},"line":420},"17":{"name":"formatRelativeLabel","decl":{"start":{"line":441,"column":9},"end":{"line":441,"column":29}},"loc":{"start":{"line":441,"column":61},"end":{"line":452,"column":null}},"line":441}},"branchMap":{"0":{"loc":{"start":{"line":44,"column":2},"end":{"line":51,"column":null}},"type":"switch","locations":[{"start":{"line":45,"column":4},"end":{"line":46,"column":null}},{"start":{"line":47,"column":4},"end":{"line":48,"column":null}},{"start":{"line":49,"column":4},"end":{"line":50,"column":null}}],"line":44},"1":{"loc":{"start":{"line":59,"column":2},"end":{"line":61,"column":null}},"type":"if","locations":[{"start":{"line":59,"column":2},"end":{"line":61,"column":null}},{"start":{},"end":{}}],"line":59},"2":{"loc":{"start":{"line":59,"column":6},"end":{"line":59,"column":37}},"type":"binary-expr","locations":[{"start":{"line":59,"column":6},"end":{"line":59,"column":20}},{"start":{"line":59,"column":20},"end":{"line":59,"column":37}}],"line":59},"3":{"loc":{"start":{"line":63,"column":2},"end":{"line":65,"column":null}},"type":"if","locations":[{"start":{"line":63,"column":2},"end":{"line":65,"column":null}},{"start":{},"end":{}}],"line":63},"4":{"loc":{"start":{"line":63,"column":6},"end":{"line":63,"column":35}},"type":"binary-expr","locations":[{"start":{"line":63,"column":6},"end":{"line":63,"column":19}},{"start":{"line":63,"column":19},"end":{"line":63,"column":35}}],"line":63},"5":{"loc":{"start":{"line":81,"column":2},"end":{"line":87,"column":null}},"type":"if","locations":[{"start":{"line":81,"column":2},"end":{"line":87,"column":null}},{"start":{"line":84,"column":9},"end":{"line":87,"column":null}}],"line":81},"6":{"loc":{"start":{"line":90,"column":2},"end":{"line":93,"column":null}},"type":"if","locations":[{"start":{"line":90,"column":2},"end":{"line":93,"column":null}},{"start":{},"end":{}}],"line":90},"7":{"loc":{"start":{"line":90,"column":6},"end":{"line":90,"column":43}},"type":"binary-expr","locations":[{"start":{"line":90,"column":6},"end":{"line":90,"column":28}},{"start":{"line":90,"column":28},"end":{"line":90,"column":43}}],"line":90},"8":{"loc":{"start":{"line":91,"column":37},"end":{"line":91,"column":48}},"type":"binary-expr","locations":[{"start":{"line":91,"column":37},"end":{"line":91,"column":47}},{"start":{"line":91,"column":47},"end":{"line":91,"column":48}}],"line":91},"9":{"loc":{"start":{"line":102,"column":2},"end":{"line":110,"column":null}},"type":"if","locations":[{"start":{"line":102,"column":2},"end":{"line":110,"column":null}},{"start":{"line":104,"column":9},"end":{"line":110,"column":null}}],"line":102},"10":{"loc":{"start":{"line":128,"column":2},"end":{"line":130,"column":null}},"type":"if","locations":[{"start":{"line":128,"column":2},"end":{"line":130,"column":null}},{"start":{},"end":{}}],"line":128},"11":{"loc":{"start":{"line":135,"column":2},"end":{"line":144,"column":null}},"type":"if","locations":[{"start":{"line":135,"column":2},"end":{"line":144,"column":null}},{"start":{},"end":{}}],"line":135},"12":{"loc":{"start":{"line":135,"column":6},"end":{"line":135,"column":47}},"type":"binary-expr","locations":[{"start":{"line":135,"column":6},"end":{"line":135,"column":28}},{"start":{"line":135,"column":28},"end":{"line":135,"column":47}}],"line":135},"13":{"loc":{"start":{"line":139,"column":14},"end":{"line":139,"column":null}},"type":"cond-expr","locations":[{"start":{"line":139,"column":31},"end":{"line":139,"column":35}},{"start":{"line":139,"column":35},"end":{"line":139,"column":null}}],"line":139},"14":{"loc":{"start":{"line":140,"column":12},"end":{"line":140,"column":null}},"type":"cond-expr","locations":[{"start":{"line":140,"column":27},"end":{"line":140,"column":31}},{"start":{"line":140,"column":31},"end":{"line":140,"column":null}}],"line":140},"15":{"loc":{"start":{"line":147,"column":2},"end":{"line":155,"column":null}},"type":"if","locations":[{"start":{"line":147,"column":2},"end":{"line":155,"column":null}},{"start":{},"end":{}}],"line":147},"16":{"loc":{"start":{"line":147,"column":6},"end":{"line":147,"column":47}},"type":"binary-expr","locations":[{"start":{"line":147,"column":6},"end":{"line":147,"column":28}},{"start":{"line":147,"column":28},"end":{"line":147,"column":47}}],"line":147},"17":{"loc":{"start":{"line":150,"column":14},"end":{"line":150,"column":null}},"type":"cond-expr","locations":[{"start":{"line":150,"column":31},"end":{"line":150,"column":35}},{"start":{"line":150,"column":35},"end":{"line":150,"column":null}}],"line":150},"18":{"loc":{"start":{"line":151,"column":12},"end":{"line":151,"column":null}},"type":"cond-expr","locations":[{"start":{"line":151,"column":27},"end":{"line":151,"column":31}},{"start":{"line":151,"column":31},"end":{"line":151,"column":null}}],"line":151},"19":{"loc":{"start":{"line":158,"column":2},"end":{"line":172,"column":null}},"type":"if","locations":[{"start":{"line":158,"column":2},"end":{"line":172,"column":null}},{"start":{},"end":{}}],"line":158},"20":{"loc":{"start":{"line":158,"column":6},"end":{"line":158,"column":47}},"type":"binary-expr","locations":[{"start":{"line":158,"column":6},"end":{"line":158,"column":28}},{"start":{"line":158,"column":28},"end":{"line":158,"column":47}}],"line":158},"21":{"loc":{"start":{"line":159,"column":4},"end":{"line":165,"column":null}},"type":"if","locations":[{"start":{"line":159,"column":4},"end":{"line":165,"column":null}},{"start":{},"end":{}}],"line":159},"22":{"loc":{"start":{"line":162,"column":16},"end":{"line":162,"column":null}},"type":"cond-expr","locations":[{"start":{"line":162,"column":33},"end":{"line":162,"column":37}},{"start":{"line":162,"column":37},"end":{"line":162,"column":null}}],"line":162},"23":{"loc":{"start":{"line":168,"column":14},"end":{"line":168,"column":null}},"type":"cond-expr","locations":[{"start":{"line":168,"column":31},"end":{"line":168,"column":35}},{"start":{"line":168,"column":35},"end":{"line":168,"column":null}}],"line":168},"24":{"loc":{"start":{"line":183,"column":4},"end":{"line":191,"column":null}},"type":"if","locations":[{"start":{"line":183,"column":4},"end":{"line":191,"column":null}},{"start":{"line":188,"column":11},"end":{"line":191,"column":null}}],"line":183},"25":{"loc":{"start":{"line":186,"column":8},"end":{"line":186,"column":null}},"type":"if","locations":[{"start":{"line":186,"column":8},"end":{"line":186,"column":null}},{"start":{},"end":{}}],"line":186},"26":{"loc":{"start":{"line":190,"column":6},"end":{"line":190,"column":null}},"type":"if","locations":[{"start":{"line":190,"column":6},"end":{"line":190,"column":null}},{"start":{},"end":{}}],"line":190},"27":{"loc":{"start":{"line":190,"column":10},"end":{"line":190,"column":46}},"type":"binary-expr","locations":[{"start":{"line":190,"column":10},"end":{"line":190,"column":25}},{"start":{"line":190,"column":25},"end":{"line":190,"column":46}}],"line":190},"28":{"loc":{"start":{"line":203,"column":2},"end":{"line":245,"column":null}},"type":"switch","locations":[{"start":{"line":204,"column":4},"end":{"line":205,"column":null}},{"start":{"line":207,"column":4},"end":{"line":208,"column":null}},{"start":{"line":210,"column":4},"end":{"line":234,"column":null}},{"start":{"line":236,"column":4},"end":{"line":240,"column":null}},{"start":{"line":242,"column":4},"end":{"line":242,"column":null}},{"start":{"line":243,"column":4},"end":{"line":244,"column":null}}],"line":203},"29":{"loc":{"start":{"line":214,"column":6},"end":{"line":216,"column":null}},"type":"if","locations":[{"start":{"line":214,"column":6},"end":{"line":216,"column":null}},{"start":{},"end":{}}],"line":214},"30":{"loc":{"start":{"line":217,"column":6},"end":{"line":219,"column":null}},"type":"if","locations":[{"start":{"line":217,"column":6},"end":{"line":219,"column":null}},{"start":{},"end":{}}],"line":217},"31":{"loc":{"start":{"line":220,"column":6},"end":{"line":225,"column":null}},"type":"if","locations":[{"start":{"line":220,"column":6},"end":{"line":225,"column":null}},{"start":{},"end":{}}],"line":220},"32":{"loc":{"start":{"line":221,"column":8},"end":{"line":222,"column":null}},"type":"binary-expr","locations":[{"start":{"line":221,"column":8},"end":{"line":221,"column":null}},{"start":{"line":222,"column":8},"end":{"line":222,"column":null}}],"line":221},"33":{"loc":{"start":{"line":222,"column":26},"end":{"line":222,"column":42}},"type":"binary-expr","locations":[{"start":{"line":222,"column":26},"end":{"line":222,"column":36}},{"start":{"line":222,"column":36},"end":{"line":222,"column":42}}],"line":222},"34":{"loc":{"start":{"line":226,"column":6},"end":{"line":232,"column":null}},"type":"if","locations":[{"start":{"line":226,"column":6},"end":{"line":232,"column":null}},{"start":{},"end":{}}],"line":226},"35":{"loc":{"start":{"line":227,"column":8},"end":{"line":229,"column":null}},"type":"binary-expr","locations":[{"start":{"line":227,"column":8},"end":{"line":227,"column":null}},{"start":{"line":228,"column":8},"end":{"line":228,"column":null}},{"start":{"line":229,"column":8},"end":{"line":229,"column":null}}],"line":227},"36":{"loc":{"start":{"line":249,"column":17},"end":{"line":249,"column":null}},"type":"cond-expr","locations":[{"start":{"line":249,"column":30},"end":{"line":249,"column":37}},{"start":{"line":249,"column":37},"end":{"line":249,"column":null}}],"line":249},"37":{"loc":{"start":{"line":250,"column":22},"end":{"line":250,"column":null}},"type":"binary-expr","locations":[{"start":{"line":250,"column":22},"end":{"line":250,"column":35}},{"start":{"line":250,"column":35},"end":{"line":250,"column":null}}],"line":250},"38":{"loc":{"start":{"line":258,"column":14},"end":{"line":258,"column":null}},"type":"binary-expr","locations":[{"start":{"line":258,"column":14},"end":{"line":258,"column":34}},{"start":{"line":258,"column":34},"end":{"line":258,"column":42}},{"start":{"line":258,"column":42},"end":{"line":258,"column":null}}],"line":258},"39":{"loc":{"start":{"line":271,"column":17},"end":{"line":271,"column":null}},"type":"binary-expr","locations":[{"start":{"line":271,"column":17},"end":{"line":271,"column":36}},{"start":{"line":271,"column":36},"end":{"line":271,"column":null}}],"line":271},"40":{"loc":{"start":{"line":273,"column":2},"end":{"line":289,"column":null}},"type":"switch","locations":[{"start":{"line":274,"column":4},"end":{"line":275,"column":null}},{"start":{"line":277,"column":4},"end":{"line":278,"column":null}},{"start":{"line":280,"column":4},"end":{"line":282,"column":null}},{"start":{"line":284,"column":4},"end":{"line":285,"column":null}},{"start":{"line":287,"column":4},"end":{"line":288,"column":null}}],"line":273},"41":{"loc":{"start":{"line":278,"column":26},"end":{"line":278,"column":44}},"type":"binary-expr","locations":[{"start":{"line":278,"column":26},"end":{"line":278,"column":43}},{"start":{"line":278,"column":43},"end":{"line":278,"column":44}}],"line":278},"42":{"loc":{"start":{"line":281,"column":19},"end":{"line":281,"column":null}},"type":"binary-expr","locations":[{"start":{"line":281,"column":19},"end":{"line":281,"column":53}},{"start":{"line":281,"column":53},"end":{"line":281,"column":null}}],"line":281},"43":{"loc":{"start":{"line":282,"column":26},"end":{"line":282,"column":44}},"type":"binary-expr","locations":[{"start":{"line":282,"column":26},"end":{"line":282,"column":43}},{"start":{"line":282,"column":43},"end":{"line":282,"column":44}}],"line":282},"44":{"loc":{"start":{"line":285,"column":26},"end":{"line":285,"column":44}},"type":"binary-expr","locations":[{"start":{"line":285,"column":26},"end":{"line":285,"column":43}},{"start":{"line":285,"column":43},"end":{"line":285,"column":44}}],"line":285},"45":{"loc":{"start":{"line":285,"column":48},"end":{"line":285,"column":72}},"type":"binary-expr","locations":[{"start":{"line":285,"column":48},"end":{"line":285,"column":71}},{"start":{"line":285,"column":71},"end":{"line":285,"column":72}}],"line":285},"46":{"loc":{"start":{"line":307,"column":2},"end":{"line":307,"column":null}},"type":"default-arg","locations":[{"start":{"line":307,"column":18},"end":{"line":307,"column":null}}],"line":307},"47":{"loc":{"start":{"line":308,"column":2},"end":{"line":308,"column":null}},"type":"default-arg","locations":[{"start":{"line":308,"column":15},"end":{"line":308,"column":null}}],"line":308},"48":{"loc":{"start":{"line":312,"column":2},"end":{"line":352,"column":null}},"type":"if","locations":[{"start":{"line":312,"column":2},"end":{"line":352,"column":null}},{"start":{"line":334,"column":9},"end":{"line":352,"column":null}}],"line":312},"49":{"loc":{"start":{"line":318,"column":4},"end":{"line":324,"column":null}},"type":"if","locations":[{"start":{"line":318,"column":4},"end":{"line":324,"column":null}},{"start":{},"end":{}}],"line":318},"50":{"loc":{"start":{"line":319,"column":51},"end":{"line":319,"column":85}},"type":"binary-expr","locations":[{"start":{"line":319,"column":51},"end":{"line":319,"column":82}},{"start":{"line":319,"column":82},"end":{"line":319,"column":85}}],"line":319},"51":{"loc":{"start":{"line":321,"column":6},"end":{"line":323,"column":null}},"type":"if","locations":[{"start":{"line":321,"column":6},"end":{"line":323,"column":null}},{"start":{},"end":{}}],"line":321},"52":{"loc":{"start":{"line":341,"column":6},"end":{"line":341,"column":null}},"type":"if","locations":[{"start":{"line":341,"column":6},"end":{"line":341,"column":null}},{"start":{},"end":{}}],"line":341},"53":{"loc":{"start":{"line":365,"column":15},"end":{"line":365,"column":null}},"type":"binary-expr","locations":[{"start":{"line":365,"column":15},"end":{"line":365,"column":30}},{"start":{"line":365,"column":30},"end":{"line":365,"column":null}}],"line":365},"54":{"loc":{"start":{"line":366,"column":17},"end":{"line":366,"column":null}},"type":"binary-expr","locations":[{"start":{"line":366,"column":17},"end":{"line":366,"column":34}},{"start":{"line":366,"column":34},"end":{"line":366,"column":null}}],"line":366},"55":{"loc":{"start":{"line":377,"column":4},"end":{"line":403,"column":null}},"type":"switch","locations":[{"start":{"line":378,"column":6},"end":{"line":385,"column":null}},{"start":{"line":387,"column":6},"end":{"line":389,"column":null}},{"start":{"line":391,"column":6},"end":{"line":393,"column":null}},{"start":{"line":395,"column":6},"end":{"line":397,"column":null}},{"start":{"line":399,"column":6},"end":{"line":402,"column":null}}],"line":377},"56":{"loc":{"start":{"line":382,"column":8},"end":{"line":384,"column":null}},"type":"if","locations":[{"start":{"line":382,"column":8},"end":{"line":384,"column":null}},{"start":{},"end":{}}],"line":382},"57":{"loc":{"start":{"line":392,"column":18},"end":{"line":392,"column":null}},"type":"binary-expr","locations":[{"start":{"line":392,"column":18},"end":{"line":392,"column":60}},{"start":{"line":392,"column":60},"end":{"line":392,"column":null}}],"line":392},"58":{"loc":{"start":{"line":405,"column":4},"end":{"line":407,"column":null}},"type":"if","locations":[{"start":{"line":405,"column":4},"end":{"line":407,"column":null}},{"start":{},"end":{}}],"line":405},"59":{"loc":{"start":{"line":405,"column":8},"end":{"line":405,"column":37}},"type":"binary-expr","locations":[{"start":{"line":405,"column":8},"end":{"line":405,"column":19}},{"start":{"line":405,"column":19},"end":{"line":405,"column":37}}],"line":405},"60":{"loc":{"start":{"line":429,"column":2},"end":{"line":429,"column":null}},"type":"if","locations":[{"start":{"line":429,"column":2},"end":{"line":429,"column":null}},{"start":{},"end":{}}],"line":429},"61":{"loc":{"start":{"line":430,"column":2},"end":{"line":430,"column":null}},"type":"if","locations":[{"start":{"line":430,"column":2},"end":{"line":430,"column":null}},{"start":{},"end":{}}],"line":430},"62":{"loc":{"start":{"line":431,"column":2},"end":{"line":431,"column":null}},"type":"if","locations":[{"start":{"line":431,"column":2},"end":{"line":431,"column":null}},{"start":{},"end":{}}],"line":431},"63":{"loc":{"start":{"line":445,"column":2},"end":{"line":445,"column":null}},"type":"if","locations":[{"start":{"line":445,"column":2},"end":{"line":445,"column":null}},{"start":{},"end":{}}],"line":445},"64":{"loc":{"start":{"line":446,"column":2},"end":{"line":446,"column":null}},"type":"if","locations":[{"start":{"line":446,"column":2},"end":{"line":446,"column":null}},{"start":{},"end":{}}],"line":446},"65":{"loc":{"start":{"line":447,"column":2},"end":{"line":447,"column":null}},"type":"if","locations":[{"start":{"line":447,"column":2},"end":{"line":447,"column":null}},{"start":{},"end":{}}],"line":447},"66":{"loc":{"start":{"line":448,"column":2},"end":{"line":448,"column":null}},"type":"if","locations":[{"start":{"line":448,"column":2},"end":{"line":448,"column":null}},{"start":{},"end":{}}],"line":448},"67":{"loc":{"start":{"line":449,"column":2},"end":{"line":449,"column":null}},"type":"if","locations":[{"start":{"line":449,"column":2},"end":{"line":449,"column":null}},{"start":{},"end":{}}],"line":449},"68":{"loc":{"start":{"line":450,"column":2},"end":{"line":450,"column":null}},"type":"if","locations":[{"start":{"line":450,"column":2},"end":{"line":450,"column":null}},{"start":{},"end":{}}],"line":450}},"s":{"0":2,"1":2,"2":4,"3":1,"4":1,"5":2,"6":22,"7":6,"8":16,"9":10,"10":6,"11":12,"12":12,"13":8,"14":4,"15":12,"16":4,"17":4,"18":12,"19":3,"20":1,"21":2,"22":33,"23":33,"24":2,"25":31,"26":31,"27":18,"28":18,"29":13,"30":6,"31":7,"32":6,"33":2,"34":4,"35":1,"36":18,"37":18,"38":18,"39":27,"40":1,"41":2,"42":1,"43":1,"44":5,"45":5,"46":26,"47":26,"48":26,"49":18,"50":17,"51":24,"52":24,"53":1,"54":2,"55":15,"56":15,"57":15,"58":0,"59":15,"60":12,"61":3,"62":5,"63":1,"64":2,"65":1,"66":1,"67":3,"68":5,"69":1,"70":34,"71":34,"72":34,"73":34,"74":5,"75":5,"76":5,"77":5,"78":5,"79":1,"80":2,"81":1,"82":1,"83":1,"84":0,"85":5,"86":5,"87":4,"88":4,"89":4,"90":1,"91":1,"92":0,"93":4,"94":4,"95":10,"96":10,"97":1,"98":1,"99":1,"100":3,"101":3,"102":0,"103":3,"104":3,"105":5,"106":3,"107":3,"108":3,"109":3,"110":3,"111":3,"112":5,"113":5,"114":5,"115":5,"116":5,"117":0,"118":0,"119":0,"120":0,"121":0,"122":5,"123":5,"124":0,"125":0,"126":0,"127":0,"128":0,"129":0,"130":5,"131":3,"132":2,"133":2,"134":0,"135":13,"136":13,"137":13,"138":13,"139":13,"140":13,"141":5,"142":8,"143":2,"144":6,"145":6,"146":3,"147":3,"148":13,"149":13,"150":13,"151":3,"152":10,"153":3,"154":7,"155":7,"156":3,"157":1,"158":2,"159":2,"160":0,"161":0,"162":0},"f":{"0":4,"1":22,"2":12,"3":3,"4":33,"5":18,"6":2,"7":17,"8":24,"9":5,"10":3,"11":34,"12":5,"13":5,"14":5,"15":3,"16":13,"17":13},"b":{"0":[1,1,2],"1":[6,16],"2":[22,6],"3":[10,6],"4":[16,12],"5":[8,4],"6":[4,8],"7":[12,5],"8":[4,0],"9":[1,2],"10":[2,31],"11":[18,13],"12":[31,24],"13":[0,18],"14":[0,18],"15":[6,7],"16":[13,7],"17":[0,6],"18":[0,6],"19":[6,1],"20":[7,6],"21":[2,4],"22":[0,2],"23":[0,4],"24":[1,26],"25":[5,0],"26":[26,0],"27":[26,26],"28":[1,2,15,5,1,1],"29":[0,15],"30":[12,3],"31":[1,2],"32":[3,1],"33":[5,5],"34":[1,1],"35":[2,1,1],"36":[5,29],"37":[34,2],"38":[5,4,1],"39":[5,1],"40":[1,2,1,1,0],"41":[2,1],"42":[1,0],"43":[1,0],"44":[1,0],"45":[1,0],"46":[5],"47":[5],"48":[4,1],"49":[1,3],"50":[1,0],"51":[0,1],"52":[0,3],"53":[3,0],"54":[3,0],"55":[0,5,0,0,0],"56":[0,0],"57":[0,0],"58":[3,2],"59":[5,5],"60":[5,8],"61":[2,6],"62":[3,3],"63":[3,10],"64":[3,7],"65":[4,3],"66":[1,2],"67":[2,0],"68":[0,0]},"meta":{"lastBranch":69,"lastFunction":18,"lastStatement":163,"seen":{"s:3:13:3:Infinity":0,"s:4:18:12:Infinity":1,"f:43:16:43:31":0,"b:45:4:46:Infinity:47:4:48:Infinity:49:4:50:Infinity":0,"s:44:2:51:Infinity":2,"s:46:6:46:Infinity":3,"s:48:6:48:Infinity":4,"s:50:6:50:Infinity":5,"f:57:16:57:31":1,"b:59:2:61:Infinity:undefined:undefined:undefined:undefined":1,"s:59:2:61:Infinity":6,"b:59:6:59:20:59:20:59:37":2,"s:60:4:60:Infinity":7,"b:63:2:65:Infinity:undefined:undefined:undefined:undefined":3,"s:63:2:65:Infinity":8,"b:63:6:63:19:63:19:63:35":4,"s:64:4:64:Infinity":9,"s:67:2:67:Infinity":10,"f:73:16:73:Infinity":2,"s:78:26:78:Infinity":11,"b:81:2:87:Infinity:84:9:87:Infinity":5,"s:81:2:87:Infinity":12,"s:83:4:83:Infinity":13,"s:86:4:86:Infinity":14,"b:90:2:93:Infinity:undefined:undefined:undefined:undefined":6,"s:90:2:93:Infinity":15,"b:90:6:90:28:90:28:90:43":7,"s:91:20:91:Infinity":16,"b:91:37:91:47:91:47:91:48":8,"s:92:4:92:Infinity":17,"s:95:2:95:Infinity":18,"f:101:16:101:36":3,"b:102:2:110:Infinity:104:9:110:Infinity":9,"s:102:2:110:Infinity":19,"s:103:4:103:Infinity":20,"s:105:4:109:Infinity":21,"f:126:16:126:26":4,"s:127:16:127:Infinity":22,"b:128:2:130:Infinity:undefined:undefined:undefined:undefined":10,"s:128:2:130:Infinity":23,"s:129:4:129:Infinity":24,"s:132:50:132:Infinity":25,"b:135:2:144:Infinity:undefined:undefined:undefined:undefined":11,"s:135:2:144:Infinity":26,"b:135:6:135:28:135:28:135:47":12,"s:136:17:136:Infinity":27,"s:137:4:143:Infinity":28,"b:139:31:139:35:139:35:139:Infinity":13,"b:140:27:140:31:140:31:140:Infinity":14,"b:147:2:155:Infinity:undefined:undefined:undefined:undefined":15,"s:147:2:155:Infinity":29,"b:147:6:147:28:147:28:147:47":16,"s:148:4:154:Infinity":30,"b:150:31:150:35:150:35:150:Infinity":17,"b:151:27:151:31:151:31:151:Infinity":18,"b:158:2:172:Infinity:undefined:undefined:undefined:undefined":19,"s:158:2:172:Infinity":31,"b:158:6:158:28:158:28:158:47":20,"b:159:4:165:Infinity:undefined:undefined:undefined:undefined":21,"s:159:4:165:Infinity":32,"s:160:6:164:Infinity":33,"b:162:33:162:37:162:37:162:Infinity":22,"s:166:4:171:Infinity":34,"b:168:31:168:35:168:35:168:Infinity":23,"s:174:2:174:Infinity":35,"f:177:9:177:25":5,"s:178:25:178:Infinity":36,"s:181:16:181:Infinity":37,"s:182:2:192:Infinity":38,"b:183:4:191:Infinity:188:11:191:Infinity":24,"s:183:4:191:Infinity":39,"s:184:27:184:Infinity":40,"f:184:47:184:48":6,"s:184:54:184:69":41,"s:185:6:187:Infinity":42,"s:185:19:185:26":43,"b:186:8:186:Infinity:undefined:undefined:undefined:undefined":25,"s:186:8:186:Infinity":44,"s:186:31:186:Infinity":45,"s:189:18:189:Infinity":46,"b:190:6:190:Infinity:undefined:undefined:undefined:undefined":26,"s:190:6:190:Infinity":47,"b:190:10:190:25:190:25:190:46":27,"s:190:46:190:Infinity":48,"s:194:2:194:Infinity":49,"f:194:19:194:20":7,"s:194:29:194:34":50,"f:200:16:200:32":8,"s:201:17:201:Infinity":51,"b:204:4:205:Infinity:207:4:208:Infinity:210:4:234:Infinity:236:4:240:Infinity:242:4:242:Infinity:243:4:244:Infinity":28,"s:203:2:245:Infinity":52,"s:205:6:205:Infinity":53,"s:208:6:208:Infinity":54,"s:211:19:211:Infinity":55,"s:212:19:212:Infinity":56,"b:214:6:216:Infinity:undefined:undefined:undefined:undefined":29,"s:214:6:216:Infinity":57,"s:215:8:215:Infinity":58,"b:217:6:219:Infinity:undefined:undefined:undefined:undefined":30,"s:217:6:219:Infinity":59,"s:218:8:218:Infinity":60,"b:220:6:225:Infinity:undefined:undefined:undefined:undefined":31,"s:220:6:225:Infinity":61,"b:221:8:221:Infinity:222:8:222:Infinity":32,"f:222:19:222:20":9,"s:222:26:222:42":62,"b:222:26:222:36:222:36:222:42":33,"s:224:8:224:Infinity":63,"b:226:6:232:Infinity:undefined:undefined:undefined:undefined":34,"s:226:6:232:Infinity":64,"b:227:8:227:Infinity:228:8:228:Infinity:229:8:229:Infinity":35,"s:231:8:231:Infinity":65,"s:233:6:233:Infinity":66,"f:233:25:233:26":10,"s:233:32:233:39":67,"s:237:6:240:Infinity":68,"s:244:6:244:Infinity":69,"f:248:16:248:27":11,"s:249:17:249:Infinity":70,"b:249:30:249:37:249:37:249:Infinity":36,"s:250:22:250:Infinity":71,"b:250:22:250:35:250:35:250:Infinity":37,"s:251:24:251:Infinity":72,"s:252:2:252:Infinity":73,"f:255:9:255:17":12,"s:256:12:256:Infinity":74,"s:257:12:257:Infinity":75,"s:258:2:258:Infinity":76,"b:258:14:258:34:258:34:258:42:258:42:258:Infinity":38,"f:264:16:264:26":13,"s:271:17:271:Infinity":77,"b:271:17:271:36:271:36:271:Infinity":39,"b:274:4:275:Infinity:277:4:278:Infinity:280:4:282:Infinity:284:4:285:Infinity:287:4:288:Infinity":40,"s:273:2:289:Infinity":78,"s:275:6:275:Infinity":79,"s:278:6:278:Infinity":80,"b:278:26:278:43:278:43:278:44":41,"s:281:19:281:Infinity":81,"b:281:19:281:53:281:53:281:Infinity":42,"s:282:6:282:Infinity":82,"b:282:26:282:43:282:43:282:44":43,"s:285:6:285:Infinity":83,"b
[...]
8:18":111,"s:369:4:369:Infinity":112,"s:372:22:372:Infinity":113,"s:373:23:373:Infinity":114,"s:375:18:375:Infinity":115,"b:378:6:385:Infinity:387:6:389:Infinity:391:6:393:Infinity:395:6:397:Infinity:399:6:402:Infinity":55,"s:377:4:403:Infinity":116,"s:380:8:380:Infinity":117,"s:381:8:381:Infinity":118,"b:382:8:384:Infinity:undefined:undefined:undefined:undefined":56,"s:382:8:384:Infinity":119,"s:383:10:383:Infinity":120,"s:385:8:385:Infinity":121,"s:388:8:388:Infinity":122,"s:389:8:389:Infinity":123,"s:392:8:392:Infinity":124,"b:392:18:392:60:392:60:392:Infinity":57,"s:393:8:393:Infinity":125,"s:396:8:396:Infinity":126,"s:397:8:397:Infinity":127,"s:401:8:401:Infinity":128,"s:402:8:402:Infinity":129,"b:405:4:407:Infinity:undefined:undefined:undefined:undefined":58,"s:405:4:407:Infinity":130,"b:405:8:405:19:405:19:405:37":59,"s:406:6:406:Infinity":131,"s:410:4:410:Infinity":132,"s:411:4:411:Infinity":133,"s:414:2:414:Infinity":134,"f:420:9:420:25":16,"s:421:16:421:Infinity":135,"s:422:2:422:Infinity":136,"s:424:20:424:Infinity":137,"s:425:2:425:Infinity":138,"s:427:19:427:Infinity":139,"b:429:2:429:Infinity:undefined:undefined:undefined:undefined":60,"s:429:2:429:Infinity":140,"s:429:22:429:Infinity":141,"b:430:2:430:Infinity:undefined:undefined:undefined:undefined":61,"s:430:2:430:Infinity":142,"s:430:22:430:Infinity":143,"b:431:2:431:Infinity:undefined:undefined:undefined:undefined":62,"s:431:2:431:Infinity":144,"s:431:20:431:Infinity":145,"s:434:21:434:Infinity":146,"s:435:2:435:Infinity":147,"f:441:9:441:29":17,"s:442:17:442:Infinity":148,"s:443:19:443:Infinity":149,"b:445:2:445:Infinity:undefined:undefined:undefined:undefined":63,"s:445:2:445:Infinity":150,"s:445:21:445:Infinity":151,"b:446:2:446:Infinity:undefined:undefined:undefined:undefined":64,"s:446:2:446:Infinity":152,"s:446:22:446:Infinity":153,"b:447:2:447:Infinity:undefined:undefined:undefined:undefined":65,"s:447:2:447:Infinity":154,"s:447:20:447:Infinity":155,"b:448:2:448:Infinity:undefined:undefined:undefined:undefined":66,"s:448:2:448:Infinity":156,"s:448:21:448:Infinity":157,"b:449:2:449:Infinity:undefined:undefined:undefined:undefined":67,"s:449:2:449:Infinity":158,"s:449:21:449:Infinity":159,"b:450:2:450:Infinity:undefined:undefined:undefined:undefined":68,"s:450:2:450:Infinity":160,"s:450:21:450:Infinity":161,"s:451:2:451:Infinity":162}}}
,"/var/home/flyinpancake/projects/personal/nag/frontend/src/lib/date.ts": {"path":"/var/home/flyinpancake/projects/personal/nag/frontend/src/lib/date.ts","statementMap":{"0":{"start":{"line":7,"column":12},"end":{"line":7,"column":null}},"1":{"start":{"line":8,"column":14},"end":{"line":8,"column":null}},"2":{"start":{"line":9,"column":17},"end":{"line":9,"column":null}},"3":{"start":{"line":10,"column":19},"end":{"line":10,"column":null}},"4":{"start":{"line":11,"column":20},"end":{"line":11,"column":null}},"5":{"start":{"line":12,"column":19},"end":{"line":12,"column":null}},"6":{"start":{"line":15,"column":2},"end":{"line":32,"column":null}},"7":{"start":{"line":16,"column":4},"end":{"line":18,"column":null}},"8":{"start":{"line":17,"column":6},"end":{"line":17,"column":null}},"9":{"start":{"line":19,"column":4},"end":{"line":21,"column":null}},"10":{"start":{"line":20,"column":6},"end":{"line":20,"column":null}},"11":{"start":{"line":22,"column":4},"end":{"line":24,"column":null}},"12":{"start":{"line":23,"column":6},"end":{"line":23,"column":null}},"13":{"start":{"line":25,"column":4},"end":{"line":27,"column":null}},"14":{"start":{"line":26,"column":6},"end":{"line":26,"column":null}},"15":{"start":{"line":28,"column":4},"end":{"line":30,"column":null}},"16":{"start":{"line":29,"column":6},"end":{"line":29,"column":null}},"17":{"start":{"line":31,"column":4},"end":{"line":31,"column":null}},"18":{"start":{"line":35,"column":22},"end":{"line":35,"column":null}},"19":{"start":{"line":36,"column":23},"end":{"line":36,"column":null}},"20":{"start":{"line":37,"column":22},"end":{"line":37,"column":null}},"21":{"start":{"line":39,"column":2},"end":{"line":42,"column":null}},"22":{"start":{"line":40,"column":4},"end":{"line":40,"column":null}},"23":{"start":{"line":40,"column":25},"end":{"line":40,"column":null}},"24":{"start":{"line":41,"column":4},"end":{"line":41,"column":null}},"25":{"start":{"line":43,"column":2},"end":{"line":45,"column":null}},"26":{"start":{"line":44,"column":4},"end":{"line":44,"column":null}},"27":{"start":{"line":46,"column":2},"end":{"line":48,"column":null}},"28":{"start":{"line":47,"column":4},"end":{"line":47,"column":null}},"29":{"start":{"line":49,"column":2},"end":{"line":51,"column":null}},"30":{"start":{"line":50,"column":4},"end":{"line":50,"column":null}},"31":{"start":{"line":52,"column":2},"end":{"line":54,"column":null}},"32":{"start":{"line":53,"column":4},"end":{"line":53,"column":null}},"33":{"start":{"line":55,"column":2},"end":{"line":55,"column":null}},"34":{"start":{"line":62,"column":12},"end":{"line":62,"column":null}},"35":{"start":{"line":63,"column":14},"end":{"line":63,"column":null}},"36":{"start":{"line":64,"column":17},"end":{"line":64,"column":null}},"37":{"start":{"line":66,"column":2},"end":{"line":66,"column":null}},"38":{"start":{"line":66,"column":19},"end":{"line":66,"column":null}},"39":{"start":{"line":68,"column":19},"end":{"line":68,"column":null}},"40":{"start":{"line":69,"column":20},"end":{"line":69,"column":null}},"41":{"start":{"line":70,"column":19},"end":{"line":70,"column":null}},"42":{"start":{"line":72,"column":2},"end":{"line":74,"column":null}},"43":{"start":{"line":73,"column":4},"end":{"line":73,"column":null}},"44":{"start":{"line":75,"column":2},"end":{"line":77,"column":null}},"45":{"start":{"line":76,"column":4},"end":{"line":76,"column":null}},"46":{"start":{"line":78,"column":2},"end":{"line":80,"column":null}},"47":{"start":{"line":79,"column":4},"end":{"line":79,"column":null}},"48":{"start":{"line":81,"column":2},"end":{"line":81,"column":null}},"49":{"start":{"line":88,"column":12},"end":{"line":88,"column":null}},"50":{"start":{"line":89,"column":2},"end":{"line":93,"column":null}},"51":{"start":{"line":100,"column":12},"end":{"line":100,"column":null}},"52":{"start":{"line":101,"column":2},"end":{"line":107,"column":null}},"53":{"start":{"line":114,"column":12},"end":{"line":114,"column":null}},"54":{"start":{"line":115,"column":16},"end":{"line":115,"column":null}},"55":{"start":{"line":116,"column":2},"end":{"line":119,"column":null}},"56":{"start":{"line":127,"column":12},"end":{"line":127,"column":null}},"57":{"start":{"line":128,"column":19},"end":{"line":128,"column":null}},"58":{"start":{"line":129,"column":2},"end":{"line":129,"column":null}},"59":{"start":{"line":130,"column":2},"end":{"line":133,"column":null}}},"fnMap":{"0":{"name":"formatRelativeTime","decl":{"start":{"line":6,"column":16},"end":{"line":6,"column":35}},"loc":{"start":{"line":6,"column":64},"end":{"line":56,"column":null}},"line":6},"1":{"name":"formatOverdue","decl":{"start":{"line":61,"column":16},"end":{"line":61,"column":30}},"loc":{"start":{"line":61,"column":59},"end":{"line":82,"column":null}},"line":61},"2":{"name":"formatDate","decl":{"start":{"line":87,"column":16},"end":{"line":87,"column":27}},"loc":{"start":{"line":87,"column":56},"end":{"line":94,"column":null}},"line":87},"3":{"name":"formatDateTime","decl":{"start":{"line":99,"column":16},"end":{"line":99,"column":31}},"loc":{"start":{"line":99,"column":60},"end":{"line":108,"column":null}},"line":99},"4":{"name":"isToday","decl":{"start":{"line":113,"column":16},"end":{"line":113,"column":24}},"loc":{"start":{"line":113,"column":54},"end":{"line":121,"column":null}},"line":113},"5":{"name":"isTomorrow","decl":{"start":{"line":126,"column":16},"end":{"line":126,"column":27}},"loc":{"start":{"line":126,"column":57},"end":{"line":135,"column":null}},"line":126}},"branchMap":{"0":{"loc":{"start":{"line":7,"column":12},"end":{"line":7,"column":null}},"type":"cond-expr","locations":[{"start":{"line":7,"column":39},"end":{"line":7,"column":56}},{"start":{"line":7,"column":56},"end":{"line":7,"column":null}}],"line":7},"1":{"loc":{"start":{"line":15,"column":2},"end":{"line":32,"column":null}},"type":"if","locations":[{"start":{"line":15,"column":2},"end":{"line":32,"column":null}},{"start":{},"end":{}}],"line":15},"2":{"loc":{"start":{"line":16,"column":4},"end":{"line":18,"column":null}},"type":"if","locations":[{"start":{"line":16,"column":4},"end":{"line":18,"column":null}},{"start":{},"end":{}}],"line":16},"3":{"loc":{"start":{"line":17,"column":13},"end":{"line":17,"column":null}},"type":"cond-expr","locations":[{"start":{"line":17,"column":30},"end":{"line":17,"column":46}},{"start":{"line":17,"column":46},"end":{"line":17,"column":null}}],"line":17},"4":{"loc":{"start":{"line":19,"column":4},"end":{"line":21,"column":null}},"type":"if","locations":[{"start":{"line":19,"column":4},"end":{"line":21,"column":null}},{"start":{},"end":{}}],"line":19},"5":{"loc":{"start":{"line":20,"column":13},"end":{"line":20,"column":null}},"type":"cond-expr","locations":[{"start":{"line":20,"column":31},"end":{"line":20,"column":45}},{"start":{"line":20,"column":45},"end":{"line":20,"column":null}}],"line":20},"6":{"loc":{"start":{"line":22,"column":4},"end":{"line":24,"column":null}},"type":"if","locations":[{"start":{"line":22,"column":4},"end":{"line":24,"column":null}},{"start":{},"end":{}}],"line":22},"7":{"loc":{"start":{"line":25,"column":4},"end":{"line":27,"column":null}},"type":"if","locations":[{"start":{"line":25,"column":4},"end":{"line":27,"column":null}},{"start":{},"end":{}}],"line":25},"8":{"loc":{"start":{"line":28,"column":4},"end":{"line":30,"column":null}},"type":"if","locations":[{"start":{"line":28,"column":4},"end":{"line":30,"column":null}},{"start":{},"end":{}}],"line":28},"9":{"loc":{"start":{"line":39,"column":2},"end":{"line":42,"column":null}},"type":"if","locations":[{"start":{"line":39,"column":2},"end":{"line":42,"column":null}},{"start":{},"end":{}}],"line":39},"10":{"loc":{"start":{"line":40,"column":4},"end":{"line":40,"column":null}},"type":"if","locations":[{"start":{"line":40,"column":4},"end":{"line":40,"column":null}},{"start":{},"end":{}}],"line":40},"11":{"loc":{"start":{"line":41,"column":11},"end":{"line":41,"column":null}},"type":"cond-expr","locations":[{"start":{"line":41,"column":31},"end":{"line":41,"column":48}},{"start":{"line":41,"column":48},"end":{"line":41,"column":null}}],"line":41},"12":{"loc":{"start":{"line":43,"column":2},"end":{"line":45,"column":null}},"type":"if","locations":[{"start":{"line":43,"column":2},"end":{"line":45,"column":null}},{"start":{},"end":{}}],"line":43},"13":{"loc":{"start":{"line":44,"column":11},"end":{"line":44,"column":null}},"type":"cond-expr","locations":[{"start":{"line":44,"column":32},"end":{"line":44,"column":47}},{"start":{"line":44,"column":47},"end":{"line":44,"column":null}}],"line":44},"14":{"loc":{"start":{"line":46,"column":2},"end":{"line":48,"column":null}},"type":"if","locations":[{"start":{"line":46,"column":2},"end":{"line":48,"column":null}},{"start":{},"end":{}}],"line":46},"15":{"loc":{"start":{"line":49,"column":2},"end":{"line":51,"column":null}},"type":"if","locations":[{"start":{"line":49,"column":2},"end":{"line":51,"column":null}},{"start":{},"end":{}}],"line":49},"16":{"loc":{"start":{"line":52,"column":2},"end":{"line":54,"column":null}},"type":"if","locations":[{"start":{"line":52,"column":2},"end":{"line":54,"column":null}},{"start":{},"end":{}}],"line":52},"17":{"loc":{"start":{"line":62,"column":12},"end":{"line":62,"column":null}},"type":"cond-expr","locations":[{"start":{"line":62,"column":39},"end":{"line":62,"column":56}},{"start":{"line":62,"column":56},"end":{"line":62,"column":null}}],"line":62},"18":{"loc":{"start":{"line":66,"column":2},"end":{"line":66,"column":null}},"type":"if","locations":[{"start":{"line":66,"column":2},"end":{"line":66,"column":null}},{"start":{},"end":{}}],"line":66},"19":{"loc":{"start":{"line":72,"column":2},"end":{"line":74,"column":null}},"type":"if","locations":[{"start":{"line":72,"column":2},"end":{"line":74,"column":null}},{"start":{},"end":{}}],"line":72},"20":{"loc":{"start":{"line":73,"column":11},"end":{"line":73,"column":null}},"type":"cond-expr","locations":[{"start":{"line":73,"column":28},"end":{"line":73,"column":46}},{"start":{"line":73,"column":46},"end":{"line":73,"column":null}}],"line":73},"21":{"loc":{"start":{"line":75,"column":2},"end":{"line":77,"column":null}},"type":"if","locations":[{"start":{"line":75,"column":2},"end":{"line":77,"column":null}},{"start":{},"end":{}}],"line":75},"22":{"loc":{"start":{"line":76,"column":11},"end":{"line":76,"column":null}},"type":"cond-expr","locations":[{"start":{"line":76,"column":29},"end":{"line":76,"column":48}},{"start":{"line":76,"column":48},"end":{"line":76,"column":null}}],"line":76},"23":{"loc":{"start":{"line":78,"column":2},"end":{"line":80,"column":null}},"type":"if","locations":[{"start":{"line":78,"column":2},"end":{"line":80,"column":null}},{"start":{},"end":{}}],"line":78},"24":{"loc":{"start":{"line":88,"column":12},"end":{"line":88,"column":null}},"type":"cond-expr","locations":[{"start":{"line":88,"column":39},"end":{"line":88,"column":56}},{"start":{"line":88,"column":56},"end":{"line":88,"column":null}}],"line":88},"25":{"loc":{"start":{"line":92,"column":10},"end":{"line":92,"column":null}},"type":"cond-expr","locations":[{"start":{"line":92,"column":57},"end":{"line":92,"column":69}},{"start":{"line":92,"column":69},"end":{"line":92,"column":null}}],"line":92},"26":{"loc":{"start":{"line":100,"column":12},"end":{"line":100,"column":null}},"type":"cond-expr","locations":[{"start":{"line":100,"column":39},"end":{"line":100,"column":56}},{"start":{"line":100,"column":56},"end":{"line":100,"column":null}}],"line":100},"27":{"loc":{"start":{"line":104,"column":10},"end":{"line":104,"column":null}},"type":"cond-expr","locations":[{"start":{"line":104,"column":57},"end":{"line":104,"column":69}},{"start":{"line":104,"column":69},"end":{"line":104,"column":null}}],"line":104},"28":{"loc":{"start":{"line":114,"column":12},"end":{"line":114,"column":null}},"type":"cond-expr","locations":[{"start":{"line":114,"column":39},"end":{"line":114,"column":56}},{"start":{"line":114,"column":56},"end":{"line":114,"column":null}}],"line":114},"29":{"loc":{"start":{"line":117,"column":4},"end":{"line":119,"column":null}},"type":"binary-expr","locations":[{"start":{"line":117,"column":4},"end":{"line":117,"column":null}},{"start":{"line":118,"column":4},"end":{"line":118,"column":null}},{"start":{"line":119,"column":4},"end":{"line":119,"column":null}}],"line":117},"30":{"loc":{"start":{"line":127,"column":12},"end":{"line":127,"column":null}},"type":"cond-expr","locations":[{"start":{"line":127,"column":39},"end":{"line":127,"column":56}},{"start":{"line":127,"column":56},"end":{"line":127,"column":null}}],"line":127},"31":{"loc":{"start":{"line":131,"column":4},"end":{"line":133,"column":null}},"type":"binary-expr","locations":[{"start":{"line":131,"column":4},"end":{"line":131,"column":null}},{"start":{"line":132,"column":4},"end":{"line":132,"column":null}},{"start":{"line":133,"column":4},"end":{"line":133,"column":null}}],"line":131}},"s":{"0":19,"1":19,"2":19,"3":19,"4":19,"5":19,"6":19,"7":10,"8":2,"9":8,"10":2,"11":6,"12":2,"13":4,"14":2,"15":2,"16":1,"17":1,"18":9,"19":9,"20":9,"21":9,"22":3,"23":1,"24":2,"25":6,"26":2,"27":4,"28":1,"29":3,"30":1,"31":2,"32":1,"33":1,"34":9,"35":9,"36":9,"37":9,"38":1,"39":8,"40":8,"41":8,"42":8,"43":2,"44":6,"45":2,"46":4,"47":3,"48":1,"49":5,"50":5,"51":3,"52":3,"53":17,"54":17,"55":17,"56":17,"57":17,"58":17,"59":17},"f":{"0":19,"1":9,"2":5,"3":3,"4":17,"5":17},"b":{"0":[2,17],"1":[10,9],"2":[2,8],"3":[1,1],"4":[2,6],"5":[1,1],"6":[2,4],"7":[2,2],"8":[1,1],"9":[3,6],"10":[1,2],"11":[1,1],"12":[2,4],"13":[1,1],"14":[1,3],"15":[1,2],"16":[1,1],"17":[2,7],"18":[1,8],"19":[2,6],"20":[1,1],"21":[2,4],"22":[1,1],"23":[3,1],"24":[1,4],"25":[1,4],"26":[1,2],"27":[1,2],"28":[13,4],"29":[17,4,4],"30":[13,4],"31":[17,11,11]},"meta":{"lastBranch":32,"lastFunction":6,"lastStatement":60,"seen":{"f:6:16:6:35":0,"s:7:12:7:Infinity":0,"b:7:39:7:56:7:56:7:Infinity":0,"s:8:14:8:Infinity":1,"s:9:17:9:Infinity":2,"s:10:19:10:Infinity":3,"s:11:20:11:Infinity":4,"s:12:19:12:Infinity":5,"b:15:2:32:Infinity:undefined:undefined:undefined:undefined":1,"s:15:2:32:Infinity":6,"b:16:4:18:Infinity:undefined:undefined:undefined:undefined":2,"s:16:4:18:Infinity":7,"s:17:6:17:Infinity":8,"b:17:30:17:46:17:46:17:Infinity":3,"b:19:4:21:Infinity:undefined:undefined:undefined:undefined":4,"s:19:4:21:Infinity":9,"s:20:6:20:Infinity":10,"b:20:31:20:45:20:45:20:Infinity":5,"b:22:4:24:Infinity:undefined:undefined:undefined:undefined":6,"s:22:4:24:Infinity":11,"s:23:6:23:Infinity":12,"b:25:4:27:Infinity:undefined:undefined:undefined:undefined":7,"s:25:4:27:Infinity":13,"s:26:6:26:Infinity":14,"b:28:4:30:Infinity:undefined:undefined:undefined:undefined":8,"s:28:4:30:Infinity":15,"s:29:6:29:Infinity":16,"s:31:4:31:Infinity":17,"s:35:22:35:Infinity":18,"s:36:23:36:Infinity":19,"s:37:22:37:Infinity":20,"b:39:2:42:Infinity:undefined:undefined:undefined:undefined":9,"s:39:2:42:Infinity":21,"b:40:4:40:Infinity:undefined:undefined:undefined:undefined":10,"s:40:4:40:Infinity":22,"s:40:25:40:Infinity":23,"s:41:4:41:Infinity":24,"b:41:31:41:48:41:48:41:Infinity":11,"b:43:2:45:Infinity:undefined:undefined:undefined:undefined":12,"s:43:2:45:Infinity":25,"s:44:4:44:Infinity":26,"b:44:32:44:47:44:47:44:Infinity":13,"b:46:2:48:Infinity:undefined:undefined:undefined:undefined":14,"s:46:2:48:Infinity":27,"s:47:4:47:Infinity":28,"b:49:2:51:Infinity:undefined:undefined:undefined:undefined":15,"s:49:2:51:Infinity":29,"s:50:4:50:Infinity":30,"b:52:2:54:Infinity:undefined:undefined:undefined:undefined":16,"s:52:2:54:Infinity":31,"s:53:4:53:Infinity":32,"s:55:2:55:Infinity":33,"f:61:16:61:30":1,"s:62:12:62:Infinity":34,"b:62:39:62:56:62:56:62:Infinity":17,"s:63:14:63:Infinity":35,"s:64:17:64:Infinity":36,"b:66:2:66:Infinity:undefined:undefined:undefined:undefined":18,"s:66:2:66:Infinity":37,"s:66:19:66:Infinity":38,"s:68:19:68:Infinity":39,"s:69:20:69:Infinity":40,"s:70:19:70:Infinity":41,"b:72:2:74:Infinity:undefined:undefined:undefined:undefined":19,"s:72:2:74:Infinity":42,"s:73:4:73:Infinity":43,"b:73:28:73:46:73:46:73:Infinity":20,"b:75:2:77:Infinity:undefined:undefined:undefined:undefined":21,"s:75:2:77:Infinity":44,"s:76:4:76:Infinity":45,"b:76:29:76:48:76:48:76:Infinity":22,"b:78:2:80:Infinity:undefined:undefined:undefined:undefined":23,"s:78:2:80:Infinity":46,"s:79:4:79:Infinity":47,"s:81:2:81:Infinity":48,"f:87:16:87:27":2,"s:88:12:88:Infinity":49,"b:88:39:88:56:88:56:88:Infinity":24,"s:89:2:93:Infinity":50,"b:92:57:92:69:92:69:92:Infinity":25,"f:99:16:99:31":3,"s:100:12:100:Infinity":51,"b:100:39:100:56:100:56:100:Infinity":26,"s:101:2:107:Infinity":52,"b:104:57:104:69:104:69:104:Infinity":27,"f:113:16:113:24":4,"s:114:12:114:Infinity":53,"b:114:39:114:56:114:56:114:Infinity":28,"s:115:16:115:Infinity":54,"s:116:2:119:Infinity":55,"b:117:4:117:Infinity:118:4:118:Infinity:119:4:119:Infinity":29,"f:126:16:126:27":5,"s:127:12:127:Infinity":56,"b:127:39:127:56:127:56:127:Infinity":30,"s:128:19:128:Infinity":57,"s:129:2:129:Infinity":58,"s:130:2:133:Infinity":59,"b:131:4:131:Infinity:132:4:132:Infinity:133:4:133:Infinity":31}}}
,"/var/home/flyinpancake/projects/personal/nag/frontend/src/lib/utils.ts": {"path":"/var/home/flyinpancake/projects/personal/nag/frontend/src/lib/utils.ts","statementMap":{"0":{"start":{"line":5,"column":2},"end":{"line":5,"column":null}}},"fnMap":{"0":{"name":"cn","decl":{"start":{"line":4,"column":16},"end":{"line":4,"column":22}},"loc":{"start":{"line":4,"column":44},"end":{"line":6,"column":null}},"line":4}},"branchMap":{},"s":{"0":45},"f":{"0":45},"b":{},"meta":{"lastBranch":0,"lastFunction":1,"lastStatement":1,"seen":{"f:4:16:4:22":0,"s:5:2:5:Infinity":0}}}
}
